ffmpeg version N-101030-g129bab5c7e-ge0fd35d867+2 Copyright (c) 2000-2021 the FFmpeg developers
  built with gcc 10.2.0 (Rev6, Built by MSYS2 project)
  configuration:  --pkg-config=pkgconf --cc='ccache gcc' --cxx='ccache g++' --disable-autodetect --enable-amf --enable-bzlib --enable-cuda --enable-cuvid --enable-d3d11va --enable-dxva2 --enable-iconv --enable-lzma --enable-nvenc --enable-zlib --enable-sdl2 --enable-ffnvcodec --enable-nvdec --enable-cuda-llvm --enable-libmp3lame --enable-libopus --enable-libvorbis --enable-libvpx --enable-libx264 --enable-libx265 --enable-libdav1d --enable-libaom --disable-debug --enable-fontconfig --enable-libass --enable-libbluray --enable-libfreetype --enable-libmfx --enable-libmysofa --enable-libopencore-amrnb --enable-libopencore-amrwb --enable-libopenjpeg --enable-libsnappy --enable-libsoxr --enable-libspeex --enable-libtheora --enable-libtwolame --enable-libvidstab --enable-libvo-amrwbenc --enable-libwebp --enable-libxml2 --enable-libzimg --enable-libshine --enable-gpl --enable-avisynth --enable-libxvid --enable-libopenmpt --enable-version3 --enable-libsrt --enable-libgsm --enable-libvmaf --enable-libsvtav1 --enable-librtmp --enable-mbedtls --extra-cflags=-DLIBTWOLAME_STATIC --extra-libs=-lstdc++ --extra-cflags=-DLIBXML_STATIC --extra-libs=-liconv --disable-w32threads
  libavutil      56. 64.100 / 56. 64.100
  libavcodec     58.122.100 / 58.122.100
  libavformat    58. 67.100 / 58. 67.100
  libavdevice    58. 11.103 / 58. 11.103
  libavfilter     7.103.100 /  7.103.100
  libswscale      5.  8.100 /  5.  8.100
  libswresample   3.  8.100 /  3.  8.100
  libpostproc    55.  8.100 / 55.  8.100
Splitting the commandline.
Reading option '-v' ... matched as option 'v' (set logging level) with argument 'debug'.
Reading option '-nostdin' ... matched as option 'stdin' (enable or disable interaction on standard input) with argument 0.
Reading option '-progress' ... matched as option 'progress' (write program-readable progress information) with argument 'C:/Users/Acer/AppData/Local/Temp/KritaFFmpegProgress.yXOrsI'.
Reading option '-r' ... matched as option 'r' (set frame rate (Hz value, fraction or abbreviation)) with argument '24'.
Reading option '-start_number' ... matched as AVOption 'start_number' with argument '0'.
Reading option '-i' ... matched as input url with argument 'D:/Peliprojektit/Projektit/Baltic_Loop/Krita_animaatiot/frame%04d.png'.
Reading option '-vf' ... matched as option 'vf' (set video filters) with argument 'palettegen'.
Reading option '-y' ... matched as option 'y' (overwrite output files) with argument '1'.
Reading option 'D:/Peliprojektit/Projektit/Baltic_Loop/Krita_animaatiot/palette.png' ... matched as output url.
Finished splitting the commandline.
Parsing a group of options: global .
Applying option v (set logging level) with argument debug.
Applying option nostdin (enable or disable interaction on standard input) with argument 0.
Applying option progress (write program-readable progress information) with argument C:/Users/Acer/AppData/Local/Temp/KritaFFmpegProgress.yXOrsI.
[file @ 00000269c521d300] Setting default whitelist 'file,crypto,data'
Applying option y (overwrite output files) with argument 1.
Successfully parsed a group of options.
Parsing a group of options: input url D:/Peliprojektit/Projektit/Baltic_Loop/Krita_animaatiot/frame%04d.png.
Applying option r (set frame rate (Hz value, fraction or abbreviation)) with argument 24.
Successfully parsed a group of options.
Opening an input file: D:/Peliprojektit/Projektit/Baltic_Loop/Krita_animaatiot/frame%04d.png.
[image2 @ 00000269c525de80] Opening 'D:/Peliprojektit/Projektit/Baltic_Loop/Krita_animaatiot/frame0000.png' for reading
[file @ 00000269c5261940] Setting default whitelist 'file,crypto,data'
[AVIOContext @ 00000269c5269b40] Statistics: 43574 bytes read, 0 seeks
[image2 @ 00000269c525de80] Opening 'D:/Peliprojektit/Projektit/Baltic_Loop/Krita_animaatiot/frame0001.png' for reading
[file @ 00000269c5274900] Setting default whitelist 'file,crypto,data'
[AVIOContext @ 00000269c5280e00] Statistics: 50673 bytes read, 0 seeks
[image2 @ 00000269c525de80] Opening 'D:/Peliprojektit/Projektit/Baltic_Loop/Krita_animaatiot/frame0002.png' for reading
[file @ 00000269c5268cc0] Setting default whitelist 'file,crypto,data'
[AVIOContext @ 00000269c5280e00] Statistics: 56239 bytes read, 0 seeks
[image2 @ 00000269c525de80] Opening 'D:/Peliprojektit/Projektit/Baltic_Loop/Krita_animaatiot/frame0003.png' for reading
[file @ 00000269c5268f40] Setting default whitelist 'file,crypto,data'
[AVIOContext @ 00000269c5280e00] Statistics: 59798 bytes read, 0 seeks
[image2 @ 00000269c525de80] Opening 'D:/Peliprojektit/Projektit/Baltic_Loop/Krita_animaatiot/frame0004.png' for reading
[file @ 00000269c5268f40] Setting default whitelist 'file,crypto,data'
[AVIOContext @ 00000269c5280e00] Statistics: 65069 bytes read, 0 seeks
[image2 @ 00000269c525de80] Opening 'D:/Peliprojektit/Projektit/Baltic_Loop/Krita_animaatiot/frame0005.png' for reading
[file @ 00000269c52692c0] Setting default whitelist 'file,crypto,data'
[AVIOContext @ 00000269c5280e00] Statistics: 69004 bytes read, 0 seeks
[image2 @ 00000269c525de80] Opening 'D:/Peliprojektit/Projektit/Baltic_Loop/Krita_animaatiot/frame0006.png' for reading
[file @ 00000269c5269480] Setting default whitelist 'file,crypto,data'
[AVIOContext @ 00000269c5280e00] Statistics: 75048 bytes read, 0 seeks
[image2 @ 00000269c525de80] Opening 'D:/Peliprojektit/Projektit/Baltic_Loop/Krita_animaatiot/frame0007.png' for reading
[file @ 00000269c5269680] Setting default whitelist 'file,crypto,data'
[AVIOContext @ 00000269c5280e00] Statistics: 81305 bytes read, 0 seeks
[image2 @ 00000269c525de80] Opening 'D:/Peliprojektit/Projektit/Baltic_Loop/Krita_animaatiot/frame0008.png' for reading
[file @ 00000269c5269880] Setting default whitelist 'file,crypto,data'
[AVIOContext @ 00000269c5280e00] Statistics: 87419 bytes read, 0 seeks
[image2 @ 00000269c525de80] Opening 'D:/Peliprojektit/Projektit/Baltic_Loop/Krita_animaatiot/frame0009.png' for reading
[file @ 00000269c5269940] Setting default whitelist 'file,crypto,data'
[AVIOContext @ 00000269c5280e00] Statistics: 96427 bytes read, 0 seeks
[image2 @ 00000269c525de80] Opening 'D:/Peliprojektit/Projektit/Baltic_Loop/Krita_animaatiot/frame0010.png' for reading
[file @ 00000269c52699c0] Setting default whitelist 'file,crypto,data'
[AVIOContext @ 00000269c5280e00] Statistics: 100014 bytes read, 0 seeks
[image2 @ 00000269c525de80] Opening 'D:/Peliprojektit/Projektit/Baltic_Loop/Krita_animaatiot/frame0011.png' for reading
[file @ 00000269c52699c0] Setting default whitelist 'file,crypto,data'
[AVIOContext @ 00000269c5280e00] Statistics: 102279 bytes read, 0 seeks
[image2 @ 00000269c525de80] Opening 'D:/Peliprojektit/Projektit/Baltic_Loop/Krita_animaatiot/frame0012.png' for reading
[file @ 00000269c52699c0] Setting default whitelist 'file,crypto,data'
[AVIOContext @ 00000269c5280e00] Statistics: 106462 bytes read, 0 seeks
[image2 @ 00000269c525de80] Opening 'D:/Peliprojektit/Projektit/Baltic_Loop/Krita_animaatiot/frame0013.png' for reading
[file @ 00000269c52699c0] Setting default whitelist 'file,crypto,data'
[AVIOContext @ 00000269c5280e00] Statistics: 109374 bytes read, 0 seeks
[image2 @ 00000269c525de80] Opening 'D:/Peliprojektit/Projektit/Baltic_Loop/Krita_animaatiot/frame0014.png' for reading
[file @ 00000269c52699c0] Setting default whitelist 'file,crypto,data'
[AVIOContext @ 00000269c5280e00] Statistics: 113595 bytes read, 0 seeks
[image2 @ 00000269c525de80] Opening 'D:/Peliprojektit/Projektit/Baltic_Loop/Krita_animaatiot/frame0015.png' for reading
[file @ 00000269c52699c0] Setting default whitelist 'file,crypto,data'
[AVIOContext @ 00000269c5280e00] Statistics: 120331 bytes read, 0 seeks
[image2 @ 00000269c525de80] Opening 'D:/Peliprojektit/Projektit/Baltic_Loop/Krita_animaatiot/frame0016.png' for reading
[file @ 00000269c52699c0] Setting default whitelist 'file,crypto,data'
[AVIOContext @ 00000269c5280e00] Statistics: 129486 bytes read, 0 seeks
[image2 @ 00000269c525de80] Opening 'D:/Peliprojektit/Projektit/Baltic_Loop/Krita_animaatiot/frame0017.png' for reading
[file @ 00000269c52699c0] Setting default whitelist 'file,crypto,data'
[AVIOContext @ 00000269c5280e00] Statistics: 136429 bytes read, 0 seeks
[image2 @ 00000269c525de80] Opening 'D:/Peliprojektit/Projektit/Baltic_Loop/Krita_animaatiot/frame0018.png' for reading
[file @ 00000269c52699c0] Setting default whitelist 'file,crypto,data'
[AVIOContext @ 00000269c5280e00] Statistics: 142216 bytes read, 0 seeks
[image2 @ 00000269c525de80] Opening 'D:/Peliprojektit/Projektit/Baltic_Loop/Krita_animaatiot/frame0019.png' for reading
[file @ 00000269c52699c0] Setting default whitelist 'file,crypto,data'
[AVIOContext @ 00000269c5280e00] Statistics: 146084 bytes read, 0 seeks
[image2 @ 00000269c525de80] Opening 'D:/Peliprojektit/Projektit/Baltic_Loop/Krita_animaatiot/frame0020.png' for reading
[file @ 00000269c52699c0] Setting default whitelist 'file,crypto,data'
[AVIOContext @ 00000269c5280e00] Statistics: 148153 bytes read, 0 seeks
[image2 @ 00000269c525de80] Opening 'D:/Peliprojektit/Projektit/Baltic_Loop/Krita_animaatiot/frame0021.png' for reading
[file @ 00000269c52699c0] Setting default whitelist 'file,crypto,data'
[AVIOContext @ 00000269c5280e00] Statistics: 149045 bytes read, 0 seeks
[image2 @ 00000269c525de80] Opening 'D:/Peliprojektit/Projektit/Baltic_Loop/Krita_animaatiot/frame0022.png' for reading
[file @ 00000269c52699c0] Setting default whitelist 'file,crypto,data'
[AVIOContext @ 00000269c5280e00] Statistics: 153335 bytes read, 0 seeks
[image2 @ 00000269c525de80] Opening 'D:/Peliprojektit/Projektit/Baltic_Loop/Krita_animaatiot/frame0023.png' for reading
[file @ 00000269c52699c0] Setting default whitelist 'file,crypto,data'
[AVIOContext @ 00000269c5280e00] Statistics: 158015 bytes read, 0 seeks
[image2 @ 00000269c525de80] Opening 'D:/Peliprojektit/Projektit/Baltic_Loop/Krita_animaatiot/frame0024.png' for reading
[file @ 00000269c52699c0] Setting default whitelist 'file,crypto,data'
[AVIOContext @ 00000269c5280e00] Statistics: 164860 bytes read, 0 seeks
[image2 @ 00000269c525de80] Opening 'D:/Peliprojektit/Projektit/Baltic_Loop/Krita_animaatiot/frame0025.png' for reading
[file @ 00000269c52699c0] Setting default whitelist 'file,crypto,data'
[AVIOContext @ 00000269c5280e00] Statistics: 168894 bytes read, 0 seeks
[image2 @ 00000269c525de80] Opening 'D:/Peliprojektit/Projektit/Baltic_Loop/Krita_animaatiot/frame0026.png' for reading
[file @ 00000269c52699c0] Setting default whitelist 'file,crypto,data'
[AVIOContext @ 00000269c5280e00] Statistics: 175401 bytes read, 0 seeks
[image2 @ 00000269c525de80] Opening 'D:/Peliprojektit/Projektit/Baltic_Loop/Krita_animaatiot/frame0027.png' for reading
[file @ 00000269c52699c0] Setting default whitelist 'file,crypto,data'
[AVIOContext @ 00000269c5280e00] Statistics: 184677 bytes read, 0 seeks
[image2 @ 00000269c525de80] Opening 'D:/Peliprojektit/Projektit/Baltic_Loop/Krita_animaatiot/frame0028.png' for reading
[file @ 00000269c52699c0] Setting default whitelist 'file,crypto,data'
[AVIOContext @ 00000269c5280e00] Statistics: 188087 bytes read, 0 seeks
[image2 @ 00000269c525de80] Opening 'D:/Peliprojektit/Projektit/Baltic_Loop/Krita_animaatiot/frame0029.png' for reading
[file @ 00000269c52699c0] Setting default whitelist 'file,crypto,data'
[AVIOContext @ 00000269c5280e00] Statistics: 194252 bytes read, 0 seeks
[image2 @ 00000269c525de80] Opening 'D:/Peliprojektit/Projektit/Baltic_Loop/Krita_animaatiot/frame0030.png' for reading
[file @ 00000269c52699c0] Setting default whitelist 'file,crypto,data'
[AVIOContext @ 00000269c5280e00] Statistics: 199863 bytes read, 0 seeks
[image2 @ 00000269c525de80] Opening 'D:/Peliprojektit/Projektit/Baltic_Loop/Krita_animaatiot/frame0031.png' for reading
[file @ 00000269c52699c0] Setting default whitelist 'file,crypto,data'
[AVIOContext @ 00000269c5280e00] Statistics: 204608 bytes read, 0 seeks
[image2 @ 00000269c525de80] Opening 'D:/Peliprojektit/Projektit/Baltic_Loop/Krita_animaatiot/frame0032.png' for reading
[file @ 00000269c52699c0] Setting default whitelist 'file,crypto,data'
[AVIOContext @ 00000269c5280e00] Statistics: 208727 bytes read, 0 seeks
[image2 @ 00000269c525de80] Opening 'D:/Peliprojektit/Projektit/Baltic_Loop/Krita_animaatiot/frame0033.png' for reading
[file @ 00000269c52ccf00] Setting default whitelist 'file,crypto,data'
[AVIOContext @ 00000269c5280e00] Statistics: 209502 bytes read, 0 seeks
[image2 @ 00000269c525de80] Opening 'D:/Peliprojektit/Projektit/Baltic_Loop/Krita_animaatiot/frame0034.png' for reading
[file @ 00000269c52ccf00] Setting default whitelist 'file,crypto,data'
[AVIOContext @ 00000269c5280e00] Statistics: 211920 bytes read, 0 seeks
[image2 @ 00000269c525de80] Opening 'D:/Peliprojektit/Projektit/Baltic_Loop/Krita_animaatiot/frame0035.png' for reading
[file @ 00000269c52ccf00] Setting default whitelist 'file,crypto,data'
[AVIOContext @ 00000269c5280e00] Statistics: 214918 bytes read, 0 seeks
[image2 @ 00000269c525de80] Opening 'D:/Peliprojektit/Projektit/Baltic_Loop/Krita_animaatiot/frame0036.png' for reading
[file @ 00000269c52ccf00] Setting default whitelist 'file,crypto,data'
[AVIOContext @ 00000269c5280e00] Statistics: 218833 bytes read, 0 seeks
[image2 @ 00000269c525de80] Probe buffer size limit of 5000000 bytes reached
Input #0, image2, from 'D:/Peliprojektit/Projektit/Baltic_Loop/Krita_animaatiot/frame%04d.png':
  Duration: 00:00:01.68, start: 0.000000, bitrate: N/A
  Stream #0:0, 37, 1/25: Video: png, 1 reference frame, rgba(pc), 1920x1080 [SAR 2834:2834 DAR 16:9], 0/1, 25 fps, 25 tbr, 25 tbn, 25 tbc
Successfully opened the file.
Parsing a group of options: output url D:/Peliprojektit/Projektit/Baltic_Loop/Krita_animaatiot/palette.png.
Applying option vf (set video filters) with argument palettegen.
Successfully parsed a group of options.
Opening an output file: D:/Peliprojektit/Projektit/Baltic_Loop/Krita_animaatiot/palette.png.
Successfully opened the file.
detected 8 logical cores
Stream mapping:
  Stream #0:0 -> #0:0 (png (native) -> png (native))
cur_dts is invalid st:0 (0) [init:0 i_done:0 finish:0] (this is harmless if it occurs once at the start per stream)
    Last message repeated 8 times
[graph 0 input from stream 0:0 @ 00000269c5269800] Setting 'video_size' to value '1920x1080'
[graph 0 input from stream 0:0 @ 00000269c5269800] Setting 'pix_fmt' to value '26'
[graph 0 input from stream 0:0 @ 00000269c5269800] Setting 'time_base' to value '1/24'
[graph 0 input from stream 0:0 @ 00000269c5269800] Setting 'pixel_aspect' to value '2834/2834'
[graph 0 input from stream 0:0 @ 00000269c5269800] Setting 'frame_rate' to value '24/1'
[graph 0 input from stream 0:0 @ 00000269c5269800] w:1920 h:1080 pixfmt:rgba tb:1/24 fr:24/1 sar:2834/2834
[format @ 00000269c5269600] Setting 'pix_fmts' to value 'rgb24|rgba|rgb48be|rgba64be|pal8|gray|ya8|gray16be|ya16be|monob'
[auto_scaler_0 @ 00000269c5269240] Setting 'flags' to value 'bicubic'
[auto_scaler_0 @ 00000269c5269240] w:iw h:ih flags:'bicubic' interl:0
[Parsed_palettegen_0 @ 00000269c5337900] auto-inserting filter 'auto_scaler_0' between the filter 'graph 0 input from stream 0:0' and the filter 'Parsed_palettegen_0'
[auto_scaler_1 @ 00000269c5269440] Setting 'flags' to value 'bicubic'
[auto_scaler_1 @ 00000269c5269440] w:iw h:ih flags:'bicubic' interl:0
[format @ 00000269c5269600] auto-inserting filter 'auto_scaler_1' between the filter 'Parsed_palettegen_0' and the filter 'format'
[AVFilterGraph @ 00000269c52cad40] query_formats: 4 queried, 1 merged, 2 already done, 0 delayed
[auto_scaler_1 @ 00000269c5269440] picking rgba out of 10 ref:bgra alpha:1
[swscaler @ 00000269c7bb7000] Forcing full internal H chroma due to input having non subsampled chroma
[auto_scaler_0 @ 00000269c5269240] w:1920 h:1080 fmt:rgba sar:2834/2834 -> w:1920 h:1080 fmt:bgra sar:1/1 flags:0x4
[swscaler @ 00000269c7be8280] Forcing full internal H chroma due to input having non subsampled chroma
[auto_scaler_1 @ 00000269c5269440] w:16 h:16 fmt:bgra sar:1/1 -> w:16 h:16 fmt:rgba sar:1/1 flags:0x4
cur_dts is invalid st:0 (0) [init:0 i_done:0 finish:0] (this is harmless if it occurs once at the start per stream)
    Last message repeated 28 times
[image2 @ 00000269c525de80] Opening 'D:/Peliprojektit/Projektit/Baltic_Loop/Krita_animaatiot/frame0037.png' for reading
[file @ 00000269c7aef400] Setting default whitelist 'file,crypto,data'
[AVIOContext @ 00000269c7ad9000] Statistics: 224042 bytes read, 0 seeks
cur_dts is invalid st:0 (0) [init:0 i_done:0 finish:0] (this is harmless if it occurs once at the start per stream)
[image2 @ 00000269c525de80] Opening 'D:/Peliprojektit/Projektit/Baltic_Loop/Krita_animaatiot/frame0038.png' for reading
[file @ 00000269c7bd72c0] Setting default whitelist 'file,crypto,data'
[AVIOContext @ 00000269c7aef400] Statistics: 234105 bytes read, 0 seeks
cur_dts is invalid st:0 (0) [init:0 i_done:0 finish:0] (this is harmless if it occurs once at the start per stream)
[image2 @ 00000269c525de80] Opening 'D:/Peliprojektit/Projektit/Baltic_Loop/Krita_animaatiot/frame0039.png' for reading
[file @ 00000269c7bd72c0] Setting default whitelist 'file,crypto,data'
[AVIOContext @ 00000269c7aef400] Statistics: 238351 bytes read, 0 seeks
cur_dts is invalid st:0 (0) [init:0 i_done:0 finish:0] (this is harmless if it occurs once at the start per stream)
[image2 @ 00000269c525de80] Opening 'D:/Peliprojektit/Projektit/Baltic_Loop/Krita_animaatiot/frame0040.png' for reading
[file @ 00000269c7bd72c0] Setting default whitelist 'file,crypto,data'
[AVIOContext @ 00000269c7aef400] Statistics: 243185 bytes read, 0 seeks
cur_dts is invalid st:0 (0) [init:0 i_done:0 finish:0] (this is harmless if it occurs once at the start per stream)
[image2 @ 00000269c525de80] Opening 'D:/Peliprojektit/Projektit/Baltic_Loop/Krita_animaatiot/frame0041.png' for reading
[file @ 00000269c7bd72c0] Setting default whitelist 'file,crypto,data'
[AVIOContext @ 00000269c7aef400] Statistics: 243185 bytes read, 0 seeks
cur_dts is invalid st:0 (0) [init:0 i_done:0 finish:0] (this is harmless if it occurs once at the start per stream)
    Last message repeated 8 times
[Parsed_palettegen_0 @ 00000269c5337900] 242(+1) colors generated out of 242 colors; ratio=1.000000
[Parsed_palettegen_0 @ 00000269c5337900] Dupped color: FF000000
    Last message repeated 240 times
cur_dts is invalid st:0 (0) [init:0 i_done:0 finish:0] (this is harmless if it occurs once at the start per stream)
Output #0, image2, to 'D:/Peliprojektit/Projektit/Baltic_Loop/Krita_animaatiot/palette.png':
  Metadata:
    encoder         : Lavf58.67.100
  Stream #0:0, 0, 1/24: Video: png, 1 reference frame, rgba(pc, progressive), 16x16 (0x0) [SAR 1:1 DAR 1:1], 0/1, q=2-31, 200 kb/s, 24 fps, 24 tbn
    Metadata:
      encoder         : Lavc58.122.100 png
Clipping frame in rate conversion by 0.000008
frame=    1 fps=0.0 q=0.0 size=N/A time=00:00:00.00 bitrate=N/A speed=   0x    cur_dts is invalid st:0 (0) [init:1 i_done:0 finish:0] (this is harmless if it occurs once at the start per stream)
[out_0_0 @ 00000269c5274ac0] EOF on sink link out_0_0:default.
No more output streams to write to, finishing.
[image2 @ 00000269c7ab6040] Opening 'D:/Peliprojektit/Projektit/Baltic_Loop/Krita_animaatiot/palette.png' for writing
[file @ 00000269c7ad9000] Setting default whitelist 'file,crypto,data'
[AVIOContext @ 00000269c7ad9100] Statistics: 0 seeks, 1 writeouts
frame=    1 fps=0.0 q=-0.0 Lsize=N/A time=00:00:00.04 bitrate=N/A speed=0.064x    
[AVIOContext @ 00000269c525dd40] Statistics: 0 seeks, 2 writeouts
video:0kB audio:0kB subtitle:0kB other streams:0kB global headers:0kB muxing overhead: unknown
Input file #0 (D:/Peliprojektit/Projektit/Baltic_Loop/Krita_animaatiot/frame%04d.png):
  Input stream #0:0 (video): 42 packets read (6226784 bytes); 42 frames decoded; 
  Total: 42 packets (6226784 bytes) demuxed
Output file #0 (D:/Peliprojektit/Projektit/Baltic_Loop/Krita_animaatiot/palette.png):
  Output stream #0:0 (video): 1 frames encoded; 1 packets muxed (104 bytes); 
  Total: 1 packets (104 bytes) muxed
42 frames successfully decoded, 0 decoding errors
