ffmpeg version N-101030-g129bab5c7e-ge0fd35d867+2 Copyright (c) 2000-2021 the FFmpeg developers
  built with gcc 10.2.0 (Rev6, Built by MSYS2 project)
  configuration:  --pkg-config=pkgconf --cc='ccache gcc' --cxx='ccache g++' --disable-autodetect --enable-amf --enable-bzlib --enable-cuda --enable-cuvid --enable-d3d11va --enable-dxva2 --enable-iconv --enable-lzma --enable-nvenc --enable-zlib --enable-sdl2 --enable-ffnvcodec --enable-nvdec --enable-cuda-llvm --enable-libmp3lame --enable-libopus --enable-libvorbis --enable-libvpx --enable-libx264 --enable-libx265 --enable-libdav1d --enable-libaom --disable-debug --enable-fontconfig --enable-libass --enable-libbluray --enable-libfreetype --enable-libmfx --enable-libmysofa --enable-libopencore-amrnb --enable-libopencore-amrwb --enable-libopenjpeg --enable-libsnappy --enable-libsoxr --enable-libspeex --enable-libtheora --enable-libtwolame --enable-libvidstab --enable-libvo-amrwbenc --enable-libwebp --enable-libxml2 --enable-libzimg --enable-libshine --enable-gpl --enable-avisynth --enable-libxvid --enable-libopenmpt --enable-version3 --enable-libsrt --enable-libgsm --enable-libvmaf --enable-libsvtav1 --enable-librtmp --enable-mbedtls --extra-cflags=-DLIBTWOLAME_STATIC --extra-libs=-lstdc++ --extra-cflags=-DLIBXML_STATIC --extra-libs=-liconv --disable-w32threads
  libavutil      56. 64.100 / 56. 64.100
  libavcodec     58.122.100 / 58.122.100
  libavformat    58. 67.100 / 58. 67.100
  libavdevice    58. 11.103 / 58. 11.103
  libavfilter     7.103.100 /  7.103.100
  libswscale      5.  8.100 /  5.  8.100
  libswresample   3.  8.100 /  3.  8.100
  libpostproc    55.  8.100 / 55.  8.100
Splitting the commandline.
Reading option '-v' ... matched as option 'v' (set logging level) with argument 'debug'.
Reading option '-nostdin' ... matched as option 'stdin' (enable or disable interaction on standard input) with argument 0.
Reading option '-progress' ... matched as option 'progress' (write program-readable progress information) with argument 'C:/Users/Acer/AppData/Local/Temp/KritaFFmpegProgress.fkRRqn'.
Reading option '-r' ... matched as option 'r' (set frame rate (Hz value, fraction or abbreviation)) with argument '24'.
Reading option '-start_number' ... matched as AVOption 'start_number' with argument '2'.
Reading option '-i' ... matched as input url with argument 'D:/Peliprojektit/Projektit/Baltic_Loop/QGIS_kartta/TurkuAjo/frame%04d.png'.
Reading option '-crf' ... matched as AVOption 'crf' with argument '23'.
Reading option '-preset' ... matched as AVOption 'preset' with argument 'medium'.
Reading option '-profile:v' ... matched as option 'profile' (set profile) with argument 'baseline'.
Reading option '-pix_fmt' ... matched as option 'pix_fmt' (set pixel format) with argument 'yuv420p'.
Reading option '-y' ... matched as option 'y' (overwrite output files) with argument '1'.
Reading option 'D:/Peliprojektit/Projektit/Baltic_Loop/QGIS_kartta/TurkuAjo/TurkuAjo.mp4' ... matched as output url.
Finished splitting the commandline.
Parsing a group of options: global .
Applying option v (set logging level) with argument debug.
Applying option nostdin (enable or disable interaction on standard input) with argument 0.
Applying option progress (write program-readable progress information) with argument C:/Users/Acer/AppData/Local/Temp/KritaFFmpegProgress.fkRRqn.
[file @ 000001b31cb2dcc0] Setting default whitelist 'file,crypto,data'
Applying option y (overwrite output files) with argument 1.
Successfully parsed a group of options.
Parsing a group of options: input url D:/Peliprojektit/Projektit/Baltic_Loop/QGIS_kartta/TurkuAjo/frame%04d.png.
Applying option r (set frame rate (Hz value, fraction or abbreviation)) with argument 24.
Successfully parsed a group of options.
Opening an input file: D:/Peliprojektit/Projektit/Baltic_Loop/QGIS_kartta/TurkuAjo/frame%04d.png.
[image2 @ 000001b31cb6df80] Opening 'D:/Peliprojektit/Projektit/Baltic_Loop/QGIS_kartta/TurkuAjo/frame0002.png' for reading
[file @ 000001b31cb72a80] Setting default whitelist 'file,crypto,data'
[AVIOContext @ 000001b31cb7ac80] Statistics: 3605789 bytes read, 0 seeks
[image2 @ 000001b31cb6df80] Opening 'D:/Peliprojektit/Projektit/Baltic_Loop/QGIS_kartta/TurkuAjo/frame0003.png' for reading
[file @ 000001b31cb790c0] Setting default whitelist 'file,crypto,data'
[AVIOContext @ 000001b31cb79240] Statistics: 3605704 bytes read, 0 seeks
[image2 @ 000001b31cb6df80] Probe buffer size limit of 5000000 bytes reached
Input #0, image2, from 'D:/Peliprojektit/Projektit/Baltic_Loop/QGIS_kartta/TurkuAjo/frame%04d.png':
  Duration: 00:00:02.52, start: 0.000000, bitrate: N/A
  Stream #0:0, 2, 1/25: Video: png, 1 reference frame, rgba(pc), 1920x1080 [SAR 2834:2834 DAR 16:9], 0/1, 25 fps, 25 tbr, 25 tbn, 25 tbc
Successfully opened the file.
Parsing a group of options: output url D:/Peliprojektit/Projektit/Baltic_Loop/QGIS_kartta/TurkuAjo/TurkuAjo.mp4.
Applying option profile:v (set profile) with argument baseline.
Applying option pix_fmt (set pixel format) with argument yuv420p.
Successfully parsed a group of options.
Opening an output file: D:/Peliprojektit/Projektit/Baltic_Loop/QGIS_kartta/TurkuAjo/TurkuAjo.mp4.
[file @ 000001b31cb72d00] Setting default whitelist 'file,crypto,data'
Successfully opened the file.
detected 8 logical cores
Stream mapping:
  Stream #0:0 -> #0:0 (png (native) -> h264 (libx264))
cur_dts is invalid st:0 (0) [init:0 i_done:0 finish:0] (this is harmless if it occurs once at the start per stream)
    Last message repeated 2 times
[image2 @ 000001b31cb6df80] Opening 'D:/Peliprojektit/Projektit/Baltic_Loop/QGIS_kartta/TurkuAjo/frame0004.png' for reading
[file @ 000001b31cbdc2c0] Setting default whitelist 'file,crypto,data'
[AVIOContext @ 000001b31cbe6480] Statistics: 3605720 bytes read, 0 seeks
cur_dts is invalid st:0 (0) [init:0 i_done:0 finish:0] (this is harmless if it occurs once at the start per stream)
[image2 @ 000001b31cb6df80] Opening 'D:/Peliprojektit/Projektit/Baltic_Loop/QGIS_kartta/TurkuAjo/frame0005.png' for reading
[file @ 000001b31cbdc2c0] Setting default whitelist 'file,crypto,data'
[AVIOContext @ 000001b31cbe4600] Statistics: 3605513 bytes read, 0 seeks
cur_dts is invalid st:0 (0) [init:0 i_done:0 finish:0] (this is harmless if it occurs once at the start per stream)
[image2 @ 000001b31cb6df80] Opening 'D:/Peliprojektit/Projektit/Baltic_Loop/QGIS_kartta/TurkuAjo/frame0006.png' for reading
[file @ 000001b31cbe7ec0] Setting default whitelist 'file,crypto,data'
[AVIOContext @ 000001b31cbdc2c0] Statistics: 3604757 bytes read, 0 seeks
cur_dts is invalid st:0 (0) [init:0 i_done:0 finish:0] (this is harmless if it occurs once at the start per stream)
[image2 @ 000001b31cb6df80] Opening 'D:/Peliprojektit/Projektit/Baltic_Loop/QGIS_kartta/TurkuAjo/frame0007.png' for reading
[file @ 000001b31cbe7ec0] Setting default whitelist 'file,crypto,data'
[AVIOContext @ 000001b31cbdc2c0] Statistics: 3604669 bytes read, 0 seeks
cur_dts is invalid st:0 (0) [init:0 i_done:0 finish:0] (this is harmless if it occurs once at the start per stream)
[image2 @ 000001b31cb6df80] Opening 'D:/Peliprojektit/Projektit/Baltic_Loop/QGIS_kartta/TurkuAjo/frame0008.png' for reading
[file @ 000001b31cbe7ec0] Setting default whitelist 'file,crypto,data'
[AVIOContext @ 000001b31cbdc2c0] Statistics: 3604630 bytes read, 0 seeks
cur_dts is invalid st:0 (0) [init:0 i_done:0 finish:0] (this is harmless if it occurs once at the start per stream)
[image2 @ 000001b31cb6df80] Opening 'D:/Peliprojektit/Projektit/Baltic_Loop/QGIS_kartta/TurkuAjo/frame0009.png' for reading
[file @ 000001b31cbe7ec0] Setting default whitelist 'file,crypto,data'
[AVIOContext @ 000001b31cbdc2c0] Statistics: 3604650 bytes read, 0 seeks
cur_dts is invalid st:0 (0) [init:0 i_done:0 finish:0] (this is harmless if it occurs once at the start per stream)
[image2 @ 000001b31cb6df80] Opening 'D:/Peliprojektit/Projektit/Baltic_Loop/QGIS_kartta/TurkuAjo/frame0010.png' for reading
[file @ 000001b31cbe7ec0] Setting default whitelist 'file,crypto,data'
[AVIOContext @ 000001b31cbdc2c0] Statistics: 3604553 bytes read, 0 seeks
[graph 0 input from stream 0:0 @ 000001b31d6e9240] Setting 'video_size' to value '1920x1080'
[graph 0 input from stream 0:0 @ 000001b31d6e9240] Setting 'pix_fmt' to value '26'
[graph 0 input from stream 0:0 @ 000001b31d6e9240] Setting 'time_base' to value '1/24'
[graph 0 input from stream 0:0 @ 000001b31d6e9240] Setting 'pixel_aspect' to value '2834/2834'
[graph 0 input from stream 0:0 @ 000001b31d6e9240] Setting 'frame_rate' to value '24/1'
[graph 0 input from stream 0:0 @ 000001b31d6e9240] w:1920 h:1080 pixfmt:rgba tb:1/24 fr:24/1 sar:2834/2834
[format @ 000001b31d6e9a80] Setting 'pix_fmts' to value 'yuv420p'
[auto_scaler_0 @ 000001b31d6e9cc0] Setting 'flags' to value 'bicubic'
[auto_scaler_0 @ 000001b31d6e9cc0] w:iw h:ih flags:'bicubic' interl:0
[format @ 000001b31d6e9a80] auto-inserting filter 'auto_scaler_0' between the filter 'Parsed_null_0' and the filter 'format'
[AVFilterGraph @ 000001b31d6e8100] query_formats: 4 queried, 2 merged, 1 already done, 0 delayed
[auto_scaler_0 @ 000001b31d6e9cc0] w:1920 h:1080 fmt:rgba sar:2834/2834 -> w:1920 h:1080 fmt:yuv420p sar:1/1 flags:0x4
[libx264 @ 000001b31cb71940] using mv_range_thread = 40
[libx264 @ 000001b31cb71940] using SAR=1/1
[libx264 @ 000001b31cb71940] using cpu capabilities: MMX2 SSE2Fast SSSE3 SSE4.2 AVX FMA3 BMI2 AVX2
[libx264 @ 000001b31cb71940] profile Constrained Baseline, level 4.0, 4:2:0, 8-bit
[libx264 @ 000001b31cb71940] 264 - core 161 r3044 a7e2c6a - H.264/MPEG-4 AVC codec - Copyleft 2003-2021 - http://www.videolan.org/x264.html - options: cabac=0 ref=3 deblock=1:0:0 analyse=0x1:0x111 me=hex subme=7 psy=1 psy_rd=1.00:0.00 mixed_ref=1 me_range=16 chroma_me=1 trellis=1 8x8dct=0 cqm=0 deadzone=21,11 fast_pskip=1 chroma_qp_offset=-2 threads=12 lookahead_threads=2 sliced_threads=0 nr=0 decimate=1 interlaced=0 bluray_compat=0 constrained_intra=0 bframes=0 weightp=0 keyint=250 keyint_min=24 scenecut=40 intra_refresh=0 rc_lookahead=40 rc=crf mbtree=1 crf=23.0 qcomp=0.60 qpmin=0 qpmax=69 qpstep=4 ip_ratio=1.40 aq=1:1.00
Output #0, mp4, to 'D:/Peliprojektit/Projektit/Baltic_Loop/QGIS_kartta/TurkuAjo/TurkuAjo.mp4':
  Metadata:
    encoder         : Lavf58.67.100
  Stream #0:0, 0, 1/12288: Video: h264, 1 reference frame (avc1 / 0x31637661), yuv420p(tv, progressive), 1920x1080 (0x0) [SAR 1:1 DAR 16:9], 0/1, q=2-31, 24 fps, 12288 tbn
    Metadata:
      encoder         : Lavc58.122.100 libx264
    Side data:
      cpb: bitrate max/min/avg: 0/0/0 buffer size: 0 vbv_delay: N/A
Clipping frame in rate conversion by 0.000008
frame=    1 fps=0.0 q=0.0 size=       0kB time=00:00:00.00 bitrate=N/A speed=   0x    cur_dts is invalid st:0 (0) [init:1 i_done:0 finish:0] (this is harmless if it occurs once at the start per stream)
[image2 @ 000001b31cb6df80] Opening 'D:/Peliprojektit/Projektit/Baltic_Loop/QGIS_kartta/TurkuAjo/frame0011.png' for reading
[file @ 000001b31d6f8040] Setting default whitelist 'file,crypto,data'
[AVIOContext @ 000001b31d708840] Statistics: 3604242 bytes read, 0 seeks
cur_dts is invalid st:0 (0) [init:1 i_done:0 finish:0] (this is harmless if it occurs once at the start per stream)
[image2 @ 000001b31cb6df80] Opening 'D:/Peliprojektit/Projektit/Baltic_Loop/QGIS_kartta/TurkuAjo/frame0012.png' for reading
[file @ 000001b31d6f8240] Setting default whitelist 'file,crypto,data'
[AVIOContext @ 000001b31d708840] Statistics: 3603714 bytes read, 0 seeks
cur_dts is invalid st:0 (0) [init:1 i_done:0 finish:0] (this is harmless if it occurs once at the start per stream)
[image2 @ 000001b31cb6df80] Opening 'D:/Peliprojektit/Projektit/Baltic_Loop/QGIS_kartta/TurkuAjo/frame0013.png' for reading
[file @ 000001b31d6f7c40] Setting default whitelist 'file,crypto,data'
[AVIOContext @ 000001b31cbd2400] Statistics: 3603291 bytes read, 0 seeks
cur_dts is invalid st:0 (0) [init:1 i_done:0 finish:0] (this is harmless if it occurs once at the start per stream)
[image2 @ 000001b31cb6df80] Opening 'D:/Peliprojektit/Projektit/Baltic_Loop/QGIS_kartta/TurkuAjo/frame0014.png' for reading
[file @ 000001b31d6f7c40] Setting default whitelist 'file,crypto,data'
[AVIOContext @ 000001b31cbd2400] Statistics: 3603201 bytes read, 0 seeks
cur_dts is invalid st:0 (0) [init:1 i_done:0 finish:0] (this is harmless if it occurs once at the start per stream)
[image2 @ 000001b31cb6df80] Opening 'D:/Peliprojektit/Projektit/Baltic_Loop/QGIS_kartta/TurkuAjo/frame0015.png' for reading
[file @ 000001b31d6f7c40] Setting default whitelist 'file,crypto,data'
[AVIOContext @ 000001b31cbd2400] Statistics: 3603293 bytes read, 0 seeks
cur_dts is invalid st:0 (0) [init:1 i_done:0 finish:0] (this is harmless if it occurs once at the start per stream)
[image2 @ 000001b31cb6df80] Opening 'D:/Peliprojektit/Projektit/Baltic_Loop/QGIS_kartta/TurkuAjo/frame0016.png' for reading
[file @ 000001b31d6f8340] Setting default whitelist 'file,crypto,data'
[AVIOContext @ 000001b31cbd2400] Statistics: 3603289 bytes read, 0 seeks
cur_dts is invalid st:0 (0) [init:1 i_done:0 finish:0] (this is harmless if it occurs once at the start per stream)
[image2 @ 000001b31cb6df80] Opening 'D:/Peliprojektit/Projektit/Baltic_Loop/QGIS_kartta/TurkuAjo/frame0017.png' for reading
[file @ 000001b31d6f8640] Setting default whitelist 'file,crypto,data'
[AVIOContext @ 000001b31cbd2400] Statistics: 3603030 bytes read, 0 seeks
cur_dts is invalid st:0 (0) [init:1 i_done:0 finish:0] (this is harmless if it occurs once at the start per stream)
[image2 @ 000001b31cb6df80] Opening 'D:/Peliprojektit/Projektit/Baltic_Loop/QGIS_kartta/TurkuAjo/frame0018.png' for reading
[file @ 000001b31d6f8540] Setting default whitelist 'file,crypto,data'
[AVIOContext @ 000001b31cbd2400] Statistics: 3602854 bytes read, 0 seeks
cur_dts is invalid st:0 (0) [init:1 i_done:0 finish:0] (this is harmless if it occurs once at the start per stream)
[image2 @ 000001b31cb6df80] Opening 'D:/Peliprojektit/Projektit/Baltic_Loop/QGIS_kartta/TurkuAjo/frame0019.png' for reading
[file @ 000001b31d6f7f40] Setting default whitelist 'file,crypto,data'
[AVIOContext @ 000001b31cbd2400] Statistics: 3602858 bytes read, 0 seeks
cur_dts is invalid st:0 (0) [init:1 i_done:0 finish:0] (this is harmless if it occurs once at the start per stream)
[image2 @ 000001b31cb6df80] Opening 'D:/Peliprojektit/Projektit/Baltic_Loop/QGIS_kartta/TurkuAjo/frame0020.png' for reading
[file @ 000001b31d6f7d40] Setting default whitelist 'file,crypto,data'
[AVIOContext @ 000001b31cbd2400] Statistics: 3602674 bytes read, 0 seeks
cur_dts is invalid st:0 (0) [init:1 i_done:0 finish:0] (this is harmless if it occurs once at the start per stream)
[image2 @ 000001b31cb6df80] Opening 'D:/Peliprojektit/Projektit/Baltic_Loop/QGIS_kartta/TurkuAjo/frame0021.png' for reading
[file @ 000001b31d6f7c40] Setting default whitelist 'file,crypto,data'
[AVIOContext @ 000001b31cbd2400] Statistics: 3602301 bytes read, 0 seeks
cur_dts is invalid st:0 (0) [init:1 i_done:0 finish:0] (this is harmless if it occurs once at the start per stream)
[image2 @ 000001b31cb6df80] Opening 'D:/Peliprojektit/Projektit/Baltic_Loop/QGIS_kartta/TurkuAjo/frame0022.png' for reading
[file @ 000001b31d6f7c40] Setting default whitelist 'file,crypto,data'
[AVIOContext @ 000001b31cbd2400] Statistics: 3602260 bytes read, 0 seeks
cur_dts is invalid st:0 (0) [init:1 i_done:0 finish:0] (this is harmless if it occurs once at the start per stream)
[image2 @ 000001b31cb6df80] Opening 'D:/Peliprojektit/Projektit/Baltic_Loop/QGIS_kartta/TurkuAjo/frame0023.png' for reading
[file @ 000001b31d6f7c40] Setting default whitelist 'file,crypto,data'
[AVIOContext @ 000001b31cbd2400] Statistics: 3601686 bytes read, 0 seeks
cur_dts is invalid st:0 (0) [init:1 i_done:0 finish:0] (this is harmless if it occurs once at the start per stream)
[image2 @ 000001b31cb6df80] Opening 'D:/Peliprojektit/Projektit/Baltic_Loop/QGIS_kartta/TurkuAjo/frame0024.png' for reading
[file @ 000001b31d6f8640] Setting default whitelist 'file,crypto,data'
[AVIOContext @ 000001b31cbd2400] Statistics: 3601063 bytes read, 0 seeks
cur_dts is invalid st:0 (0) [init:1 i_done:0 finish:0] (this is harmless if it occurs once at the start per stream)
[image2 @ 000001b31cb6df80] Opening 'D:/Peliprojektit/Projektit/Baltic_Loop/QGIS_kartta/TurkuAjo/frame0025.png' for reading
[file @ 000001b31d6f8540] Setting default whitelist 'file,crypto,data'
[AVIOContext @ 000001b31cbd2400] Statistics: 3600788 bytes read, 0 seeks
cur_dts is invalid st:0 (0) [init:1 i_done:0 finish:0] (this is harmless if it occurs once at the start per stream)
[image2 @ 000001b31cb6df80] Opening 'D:/Peliprojektit/Projektit/Baltic_Loop/QGIS_kartta/TurkuAjo/frame0026.png' for reading
[file @ 000001b31d6f8440] Setting default whitelist 'file,crypto,data'
[AVIOContext @ 000001b31cbd2400] Statistics: 3600661 bytes read, 0 seeks
cur_dts is invalid st:0 (0) [init:1 i_done:0 finish:0] (this is harmless if it occurs once at the start per stream)
[image2 @ 000001b31cb6df80] Opening 'D:/Peliprojektit/Projektit/Baltic_Loop/QGIS_kartta/TurkuAjo/frame0027.png' for reading
[file @ 000001b31d6f8340] Setting default whitelist 'file,crypto,data'
[AVIOContext @ 000001b31cbd2400] Statistics: 3600332 bytes read, 0 seeks
cur_dts is invalid st:0 (0) [init:1 i_done:0 finish:0] (this is harmless if it occurs once at the start per stream)
[image2 @ 000001b31cb6df80] Opening 'D:/Peliprojektit/Projektit/Baltic_Loop/QGIS_kartta/TurkuAjo/frame0028.png' for reading
[file @ 000001b31d6f8740] Setting default whitelist 'file,crypto,data'
[AVIOContext @ 000001b31cbd2400] Statistics: 3600087 bytes read, 0 seeks
cur_dts is invalid st:0 (0) [init:1 i_done:0 finish:0] (this is harmless if it occurs once at the start per stream)
[image2 @ 000001b31cb6df80] Opening 'D:/Peliprojektit/Projektit/Baltic_Loop/QGIS_kartta/TurkuAjo/frame0029.png' for reading
[file @ 000001b31d6f8240] Setting default whitelist 'file,crypto,data'
[AVIOContext @ 000001b31cbd2400] Statistics: 3599855 bytes read, 0 seeks
cur_dts is invalid st:0 (0) [init:1 i_done:0 finish:0] (this is harmless if it occurs once at the start per stream)
[image2 @ 000001b31cb6df80] Opening 'D:/Peliprojektit/Projektit/Baltic_Loop/QGIS_kartta/TurkuAjo/frame0030.png' for reading
[file @ 000001b31d6f7e40] Setting default whitelist 'file,crypto,data'
[AVIOContext @ 000001b31cbd2400] Statistics: 3599741 bytes read, 0 seeks
cur_dts is invalid st:0 (0) [init:1 i_done:0 finish:0] (this is harmless if it occurs once at the start per stream)
[image2 @ 000001b31cb6df80] Opening 'D:/Peliprojektit/Projektit/Baltic_Loop/QGIS_kartta/TurkuAjo/frame0031.png' for reading
[file @ 000001b31d6f8140] Setting default whitelist 'file,crypto,data'
[AVIOContext @ 000001b31cbd2400] Statistics: 3599607 bytes read, 0 seeks
cur_dts is invalid st:0 (0) [init:1 i_done:0 finish:0] (this is harmless if it occurs once at the start per stream)
[image2 @ 000001b31cb6df80] Opening 'D:/Peliprojektit/Projektit/Baltic_Loop/QGIS_kartta/TurkuAjo/frame0032.png' for reading
[file @ 000001b31d6f8740] Setting default whitelist 'file,crypto,data'
[AVIOContext @ 000001b31cbd2400] Statistics: 3599803 bytes read, 0 seeks
frame=   23 fps=0.0 q=0.0 size=       0kB time=00:00:00.00 bitrate=N/A speed=   0x    cur_dts is invalid st:0 (0) [init:1 i_done:0 finish:0] (this is harmless if it occurs once at the start per stream)
[image2 @ 000001b31cb6df80] Opening 'D:/Peliprojektit/Projektit/Baltic_Loop/QGIS_kartta/TurkuAjo/frame0033.png' for reading
[file @ 000001b31d6f7f40] Setting default whitelist 'file,crypto,data'
[AVIOContext @ 000001b31cbd2400] Statistics: 3599435 bytes read, 0 seeks
cur_dts is invalid st:0 (0) [init:1 i_done:0 finish:0] (this is harmless if it occurs once at the start per stream)
[image2 @ 000001b31cb6df80] Opening 'D:/Peliprojektit/Projektit/Baltic_Loop/QGIS_kartta/TurkuAjo/frame0034.png' for reading
[file @ 000001b31d6f7e40] Setting default whitelist 'file,crypto,data'
[AVIOContext @ 000001b31cbd2400] Statistics: 3599118 bytes read, 0 seeks
cur_dts is invalid st:0 (0) [init:1 i_done:0 finish:0] (this is harmless if it occurs once at the start per stream)
[image2 @ 000001b31cb6df80] Opening 'D:/Peliprojektit/Projektit/Baltic_Loop/QGIS_kartta/TurkuAjo/frame0035.png' for reading
[file @ 000001b31d6f8440] Setting default whitelist 'file,crypto,data'
[AVIOContext @ 000001b31cbd2400] Statistics: 3598378 bytes read, 0 seeks
cur_dts is invalid st:0 (0) [init:1 i_done:0 finish:0] (this is harmless if it occurs once at the start per stream)
[image2 @ 000001b31cb6df80] Opening 'D:/Peliprojektit/Projektit/Baltic_Loop/QGIS_kartta/TurkuAjo/frame0036.png' for reading
[file @ 000001b31d6f8740] Setting default whitelist 'file,crypto,data'
[AVIOContext @ 000001b31cbd2400] Statistics: 3597941 bytes read, 0 seeks
cur_dts is invalid st:0 (0) [init:1 i_done:0 finish:0] (this is harmless if it occurs once at the start per stream)
[image2 @ 000001b31cb6df80] Opening 'D:/Peliprojektit/Projektit/Baltic_Loop/QGIS_kartta/TurkuAjo/frame0037.png' for reading
[file @ 000001b31d6f8540] Setting default whitelist 'file,crypto,data'
[AVIOContext @ 000001b31cbd2400] Statistics: 3597381 bytes read, 0 seeks
cur_dts is invalid st:0 (0) [init:1 i_done:0 finish:0] (this is harmless if it occurs once at the start per stream)
[image2 @ 000001b31cb6df80] Opening 'D:/Peliprojektit/Projektit/Baltic_Loop/QGIS_kartta/TurkuAjo/frame0038.png' for reading
[file @ 000001b31d6f7c40] Setting default whitelist 'file,crypto,data'
[AVIOContext @ 000001b31cbd2400] Statistics: 3597040 bytes read, 0 seeks
cur_dts is invalid st:0 (0) [init:1 i_done:0 finish:0] (this is harmless if it occurs once at the start per stream)
[image2 @ 000001b31cb6df80] Opening 'D:/Peliprojektit/Projektit/Baltic_Loop/QGIS_kartta/TurkuAjo/frame0039.png' for reading
[file @ 000001b31d6f8340] Setting default whitelist 'file,crypto,data'
[AVIOContext @ 000001b31cbd2400] Statistics: 3596682 bytes read, 0 seeks
cur_dts is invalid st:0 (0) [init:1 i_done:0 finish:0] (this is harmless if it occurs once at the start per stream)
[image2 @ 000001b31cb6df80] Opening 'D:/Peliprojektit/Projektit/Baltic_Loop/QGIS_kartta/TurkuAjo/frame0040.png' for reading
[file @ 000001b31d6f8540] Setting default whitelist 'file,crypto,data'
[AVIOContext @ 000001b31cbd2400] Statistics: 3596292 bytes read, 0 seeks
cur_dts is invalid st:0 (0) [init:1 i_done:0 finish:0] (this is harmless if it occurs once at the start per stream)
[image2 @ 000001b31cb6df80] Opening 'D:/Peliprojektit/Projektit/Baltic_Loop/QGIS_kartta/TurkuAjo/frame0041.png' for reading
[file @ 000001b31d6f8040] Setting default whitelist 'file,crypto,data'
[AVIOContext @ 000001b31cbd2400] Statistics: 3595519 bytes read, 0 seeks
cur_dts is invalid st:0 (0) [init:1 i_done:0 finish:0] (this is harmless if it occurs once at the start per stream)
[image2 @ 000001b31cb6df80] Opening 'D:/Peliprojektit/Projektit/Baltic_Loop/QGIS_kartta/TurkuAjo/frame0042.png' for reading
[file @ 000001b31d6f8340] Setting default whitelist 'file,crypto,data'
[AVIOContext @ 000001b31cbd2400] Statistics: 3595064 bytes read, 0 seeks
cur_dts is invalid st:0 (0) [init:1 i_done:0 finish:0] (this is harmless if it occurs once at the start per stream)
[image2 @ 000001b31cb6df80] Opening 'D:/Peliprojektit/Projektit/Baltic_Loop/QGIS_kartta/TurkuAjo/frame0043.png' for reading
[file @ 000001b31d6f7e40] Setting default whitelist 'file,crypto,data'
[AVIOContext @ 000001b31cbd2400] Statistics: 3594309 bytes read, 0 seeks
cur_dts is invalid st:0 (0) [init:1 i_done:0 finish:0] (this is harmless if it occurs once at the start per stream)
[image2 @ 000001b31cb6df80] Opening 'D:/Peliprojektit/Projektit/Baltic_Loop/QGIS_kartta/TurkuAjo/frame0044.png' for reading
[file @ 000001b31d6f7f40] Setting default whitelist 'file,crypto,data'
[AVIOContext @ 000001b31cbd2400] Statistics: 3593967 bytes read, 0 seeks
cur_dts is invalid st:0 (0) [init:1 i_done:0 finish:0] (this is harmless if it occurs once at the start per stream)
[image2 @ 000001b31cb6df80] Opening 'D:/Peliprojektit/Projektit/Baltic_Loop/QGIS_kartta/TurkuAjo/frame0045.png' for reading
[file @ 000001b31d6f8740] Setting default whitelist 'file,crypto,data'
[AVIOContext @ 000001b31cbd2400] Statistics: 3593734 bytes read, 0 seeks
cur_dts is invalid st:0 (0) [init:1 i_done:0 finish:0] (this is harmless if it occurs once at the start per stream)
[image2 @ 000001b31cb6df80] Opening 'D:/Peliprojektit/Projektit/Baltic_Loop/QGIS_kartta/TurkuAjo/frame0046.png' for reading
[file @ 000001b31d6f8340] Setting default whitelist 'file,crypto,data'
[AVIOContext @ 000001b31cbd2400] Statistics: 3593380 bytes read, 0 seeks
cur_dts is invalid st:0 (0) [init:1 i_done:0 finish:0] (this is harmless if it occurs once at the start per stream)
[image2 @ 000001b31cb6df80] Opening 'D:/Peliprojektit/Projektit/Baltic_Loop/QGIS_kartta/TurkuAjo/frame0047.png' for reading
[file @ 000001b31d6f8740] Setting default whitelist 'file,crypto,data'
[AVIOContext @ 000001b31cbd2400] Statistics: 3593238 bytes read, 0 seeks
cur_dts is invalid st:0 (0) [init:1 i_done:0 finish:0] (this is harmless if it occurs once at the start per stream)
[image2 @ 000001b31cb6df80] Opening 'D:/Peliprojektit/Projektit/Baltic_Loop/QGIS_kartta/TurkuAjo/frame0048.png' for reading
[file @ 000001b31d6f7e40] Setting default whitelist 'file,crypto,data'
[AVIOContext @ 000001b31cbd2400] Statistics: 3592766 bytes read, 0 seeks
cur_dts is invalid st:0 (0) [init:1 i_done:0 finish:0] (this is harmless if it occurs once at the start per stream)
[image2 @ 000001b31cb6df80] Opening 'D:/Peliprojektit/Projektit/Baltic_Loop/QGIS_kartta/TurkuAjo/frame0049.png' for reading
[file @ 000001b31d6f8340] Setting default whitelist 'file,crypto,data'
[AVIOContext @ 000001b31cbd2400] Statistics: 3592280 bytes read, 0 seeks
cur_dts is invalid st:0 (0) [init:1 i_done:0 finish:0] (this is harmless if it occurs once at the start per stream)
[image2 @ 000001b31cb6df80] Opening 'D:/Peliprojektit/Projektit/Baltic_Loop/QGIS_kartta/TurkuAjo/frame0050.png' for reading
[file @ 000001b31d6f7c40] Setting default whitelist 'file,crypto,data'
[AVIOContext @ 000001b31cbd2400] Statistics: 3591482 bytes read, 0 seeks
cur_dts is invalid st:0 (0) [init:1 i_done:0 finish:0] (this is harmless if it occurs once at the start per stream)
[image2 @ 000001b31cb6df80] Opening 'D:/Peliprojektit/Projektit/Baltic_Loop/QGIS_kartta/TurkuAjo/frame0051.png' for reading
[file @ 000001b31d6f8240] Setting default whitelist 'file,crypto,data'
[AVIOContext @ 000001b31cbd2400] Statistics: 3590583 bytes read, 0 seeks
cur_dts is invalid st:0 (0) [init:1 i_done:0 finish:0] (this is harmless if it occurs once at the start per stream)
[image2 @ 000001b31cb6df80] Opening 'D:/Peliprojektit/Projektit/Baltic_Loop/QGIS_kartta/TurkuAjo/frame0052.png' for reading
[file @ 000001b31d6f7c40] Setting default whitelist 'file,crypto,data'
[AVIOContext @ 000001b31cbd2400] Statistics: 3590025 bytes read, 0 seeks
cur_dts is invalid st:0 (0) [init:1 i_done:0 finish:0] (this is harmless if it occurs once at the start per stream)
[image2 @ 000001b31cb6df80] Opening 'D:/Peliprojektit/Projektit/Baltic_Loop/QGIS_kartta/TurkuAjo/frame0053.png' for reading
[file @ 000001b31d6f8140] Setting default whitelist 'file,crypto,data'
[AVIOContext @ 000001b31cbd2400] Statistics: 3589232 bytes read, 0 seeks
cur_dts is invalid st:0 (0) [init:1 i_done:0 finish:0] (this is harmless if it occurs once at the start per stream)
[image2 @ 000001b31cb6df80] Opening 'D:/Peliprojektit/Projektit/Baltic_Loop/QGIS_kartta/TurkuAjo/frame0054.png' for reading
[file @ 000001b31d6f8240] Setting default whitelist 'file,crypto,data'
[AVIOContext @ 000001b31cbd2400] Statistics: 3588802 bytes read, 0 seeks
cur_dts is invalid st:0 (0) [init:1 i_done:0 finish:0] (this is harmless if it occurs once at the start per stream)
[image2 @ 000001b31cb6df80] Opening 'D:/Peliprojektit/Projektit/Baltic_Loop/QGIS_kartta/TurkuAjo/frame0055.png' for reading
[file @ 000001b31d6f7e40] Setting default whitelist 'file,crypto,data'
[AVIOContext @ 000001b31cbd2400] Statistics: 3588147 bytes read, 0 seeks
cur_dts is invalid st:0 (0) [init:1 i_done:0 finish:0] (this is harmless if it occurs once at the start per stream)
[image2 @ 000001b31cb6df80] Opening 'D:/Peliprojektit/Projektit/Baltic_Loop/QGIS_kartta/TurkuAjo/frame0056.png' for reading
[file @ 000001b31d6f7c40] Setting default whitelist 'file,crypto,data'
[AVIOContext @ 000001b31cbd2400] Statistics: 3587374 bytes read, 0 seeks
cur_dts is invalid st:0 (0) [init:1 i_done:0 finish:0] (this is harmless if it occurs once at the start per stream)
[image2 @ 000001b31cb6df80] Opening 'D:/Peliprojektit/Projektit/Baltic_Loop/QGIS_kartta/TurkuAjo/frame0057.png' for reading
[file @ 000001b31d6f8540] Setting default whitelist 'file,crypto,data'
[AVIOContext @ 000001b31cbd2400] Statistics: 3586864 bytes read, 0 seeks
frame=   48 fps= 46 q=0.0 size=       0kB time=00:00:00.00 bitrate=N/A speed=   0x    cur_dts is invalid st:0 (0) [init:1 i_done:0 finish:0] (this is harmless if it occurs once at the start per stream)
[image2 @ 000001b31cb6df80] Opening 'D:/Peliprojektit/Projektit/Baltic_Loop/QGIS_kartta/TurkuAjo/frame0058.png' for reading
[file @ 000001b31d6f8240] Setting default whitelist 'file,crypto,data'
[AVIOContext @ 000001b31cbd2400] Statistics: 3586562 bytes read, 0 seeks
cur_dts is invalid st:0 (0) [init:1 i_done:0 finish:0] (this is harmless if it occurs once at the start per stream)
[image2 @ 000001b31cb6df80] Opening 'D:/Peliprojektit/Projektit/Baltic_Loop/QGIS_kartta/TurkuAjo/frame0059.png' for reading
[file @ 000001b31d6f8740] Setting default whitelist 'file,crypto,data'
[AVIOContext @ 000001b31cbd2400] Statistics: 3586394 bytes read, 0 seeks
cur_dts is invalid st:0 (0) [init:1 i_done:0 finish:0] (this is harmless if it occurs once at the start per stream)
[image2 @ 000001b31cb6df80] Opening 'D:/Peliprojektit/Projektit/Baltic_Loop/QGIS_kartta/TurkuAjo/frame0060.png' for reading
[file @ 000001b31d6f7e40] Setting default whitelist 'file,crypto,data'
[AVIOContext @ 000001b31cbd2400] Statistics: 3585988 bytes read, 0 seeks
cur_dts is invalid st:0 (0) [init:1 i_done:0 finish:0] (this is harmless if it occurs once at the start per stream)
[image2 @ 000001b31cb6df80] Opening 'D:/Peliprojektit/Projektit/Baltic_Loop/QGIS_kartta/TurkuAjo/frame0061.png' for reading
[file @ 000001b31d6f8740] Setting default whitelist 'file,crypto,data'
[AVIOContext @ 000001b31cbd2400] Statistics: 3585617 bytes read, 0 seeks
cur_dts is invalid st:0 (0) [init:1 i_done:0 finish:0] (this is harmless if it occurs once at the start per stream)
[image2 @ 000001b31cb6df80] Opening 'D:/Peliprojektit/Projektit/Baltic_Loop/QGIS_kartta/TurkuAjo/frame0062.png' for reading
[file @ 000001b31d6f8140] Setting default whitelist 'file,crypto,data'
[AVIOContext @ 000001b31cbd2400] Statistics: 3585491 bytes read, 0 seeks
cur_dts is invalid st:0 (0) [init:1 i_done:0 finish:0] (this is harmless if it occurs once at the start per stream)
[image2 @ 000001b31cb6df80] Opening 'D:/Peliprojektit/Projektit/Baltic_Loop/QGIS_kartta/TurkuAjo/frame0063.png' for reading
[file @ 000001b31d6f8140] Setting default whitelist 'file,crypto,data'
[AVIOContext @ 000001b31cbd2400] Statistics: 3585198 bytes read, 0 seeks
[libx264 @ 000001b31cb71940] frame=   0 QP=18.58 NAL=3 Slice:I Poc:0   I:8160 P:0    SKIP:0    size=709704 bytes
[image2 @ 000001b31cb6df80] Opening 'D:/Peliprojektit/Projektit/Baltic_Loop/QGIS_kartta/TurkuAjo/frame0064.png' for reading
[file @ 000001b31d6f8140] Setting default whitelist 'file,crypto,data'
[AVIOContext @ 000001b31cbd2400] Statistics: 3585198 bytes read, 0 seeks
[libx264 @ 000001b31cb71940] frame=   1 QP=18.91 NAL=2 Slice:P Poc:2   I:2    P:430  SKIP:7728 size=2048 bytes
[libx264 @ 000001b31cb71940] frame=   2 QP=18.95 NAL=2 Slice:P Poc:4   I:0    P:343  SKIP:7817 size=1215 bytes
[libx264 @ 000001b31cb71940] frame=   3 QP=19.03 NAL=2 Slice:P Poc:6   I:1    P:280  SKIP:7879 size=1050 bytes
[libx264 @ 000001b31cb71940] frame=   4 QP=19.13 NAL=2 Slice:P Poc:8   I:0    P:209  SKIP:7951 size=1000 bytes
[libx264 @ 000001b31cb71940] frame=   5 QP=19.16 NAL=2 Slice:P Poc:10  I:0    P:154  SKIP:8006 size=630 bytes
[libx264 @ 000001b31cb71940] frame=   6 QP=19.05 NAL=2 Slice:P Poc:12  I:0    P:132  SKIP:8028 size=570 bytes
[libx264 @ 000001b31cb71940] frame=   7 QP=19.08 NAL=2 Slice:P Poc:14  I:0    P:126  SKIP:8034 size=542 bytes
[libx264 @ 000001b31cb71940] frame=   8 QP=19.91 NAL=2 Slice:P Poc:16  I:0    P:120  SKIP:8040 size=491 bytes
[libx264 @ 000001b31cb71940] frame=   9 QP=19.28 NAL=2 Slice:P Poc:18  I:0    P:123  SKIP:8037 size=581 bytes
[out_0_0 @ 000001b31d6e9580] EOF on sink link out_0_0:default.
No more output streams to write to, finishing.
[libx264 @ 000001b31cb71940] frame=  10 QP=19.20 NAL=2 Slice:P Poc:20  I:2    P:120  SKIP:8038 size=690 bytes
[libx264 @ 000001b31cb71940] frame=  11 QP=19.25 NAL=2 Slice:P Poc:22  I:0    P:123  SKIP:8037 size=645 bytes
[libx264 @ 000001b31cb71940] frame=  12 QP=18.94 NAL=2 Slice:P Poc:24  I:0    P:127  SKIP:8033 size=566 bytes
[libx264 @ 000001b31cb71940] frame=  13 QP=19.05 NAL=2 Slice:P Poc:26  I:7    P:135  SKIP:8018 size=917 bytes
[libx264 @ 000001b31cb71940] frame=  14 QP=19.11 NAL=2 Slice:P Poc:28  I:0    P:135  SKIP:8025 size=531 bytes
[libx264 @ 000001b31cb71940] frame=  15 QP=19.04 NAL=2 Slice:P Poc:30  I:0    P:137  SKIP:8023 size=676 bytes
[libx264 @ 000001b31cb71940] frame=  16 QP=19.32 NAL=2 Slice:P Poc:32  I:2    P:124  SKIP:8034 size=655 bytes
[libx264 @ 000001b31cb71940] frame=  17 QP=19.15 NAL=2 Slice:P Poc:34  I:0    P:130  SKIP:8030 size=600 bytes
[libx264 @ 000001b31cb71940] frame=  18 QP=19.05 NAL=2 Slice:P Poc:36  I:1    P:128  SKIP:8031 size=656 bytes
[libx264 @ 000001b31cb71940] frame=  19 QP=19.08 NAL=2 Slice:P Poc:38  I:0    P:125  SKIP:8035 size=528 bytes
[libx264 @ 000001b31cb71940] frame=  20 QP=19.06 NAL=2 Slice:P Poc:40  I:0    P:124  SKIP:8036 size=634 bytes
[libx264 @ 000001b31cb71940] frame=  21 QP=19.05 NAL=2 Slice:P Poc:42  I:0    P:131  SKIP:8029 size=792 bytes
[libx264 @ 000001b31cb71940] frame=  22 QP=19.02 NAL=2 Slice:P Poc:44  I:1    P:129  SKIP:8030 size=700 bytes
[libx264 @ 000001b31cb71940] frame=  23 QP=18.88 NAL=2 Slice:P Poc:46  I:2    P:150  SKIP:8008 size=742 bytes
[libx264 @ 000001b31cb71940] frame=  24 QP=19.12 NAL=2 Slice:P Poc:48  I:0    P:153  SKIP:8007 size=599 bytes
[libx264 @ 000001b31cb71940] frame=  25 QP=19.02 NAL=2 Slice:P Poc:50  I:1    P:140  SKIP:8019 size=657 bytes
[libx264 @ 000001b31cb71940] frame=  26 QP=18.89 NAL=2 Slice:P Poc:52  I:2    P:142  SKIP:8016 size=697 bytes
[libx264 @ 000001b31cb71940] frame=  27 QP=18.60 NAL=2 Slice:P Poc:54  I:1    P:259  SKIP:7900 size=1127 bytes
[libx264 @ 000001b31cb71940] frame=  28 QP=19.36 NAL=2 Slice:P Poc:56  I:0    P:135  SKIP:8025 size=608 bytes
[libx264 @ 000001b31cb71940] frame=  29 QP=19.38 NAL=2 Slice:P Poc:58  I:0    P:90   SKIP:8070 size=479 bytes
[libx264 @ 000001b31cb71940] frame=  30 QP=19.93 NAL=2 Slice:P Poc:60  I:0    P:73   SKIP:8087 size=360 bytes
[libx264 @ 000001b31cb71940] frame=  31 QP=19.84 NAL=2 Slice:P Poc:62  I:0    P:51   SKIP:8109 size=368 bytes
[libx264 @ 000001b31cb71940] frame=  32 QP=19.66 NAL=2 Slice:P Poc:64  I:2    P:52   SKIP:8106 size=427 bytes
[libx264 @ 000001b31cb71940] frame=  33 QP=19.78 NAL=2 Slice:P Poc:66  I:4    P:50   SKIP:8106 size=686 bytes
[libx264 @ 000001b31cb71940] frame=  34 QP=19.49 NAL=2 Slice:P Poc:68  I:2    P:57   SKIP:8101 size=476 bytes
[libx264 @ 000001b31cb71940] frame=  35 QP=19.82 NAL=2 Slice:P Poc:70  I:1    P:56   SKIP:8103 size=512 bytes
[libx264 @ 000001b31cb71940] frame=  36 QP=19.97 NAL=2 Slice:P Poc:72  I:1    P:34   SKIP:8125 size=375 bytes
[libx264 @ 000001b31cb71940] frame=  37 QP=19.93 NAL=2 Slice:P Poc:74  I:2    P:53   SKIP:8105 size=452 bytes
[libx264 @ 000001b31cb71940] frame=  38 QP=19.57 NAL=2 Slice:P Poc:76  I:1    P:106  SKIP:8053 size=648 bytes
[libx264 @ 000001b31cb71940] frame=  39 QP=19.39 NAL=2 Slice:P Poc:78  I:0    P:92   SKIP:8068 size=614 bytes
[libx264 @ 000001b31cb71940] frame=  40 QP=19.66 NAL=2 Slice:P Poc:80  I:0    P:88   SKIP:8072 size=644 bytes
[libx264 @ 000001b31cb71940] frame=  41 QP=19.52 NAL=2 Slice:P Poc:82  I:1    P:68   SKIP:8091 size=534 bytes
[libx264 @ 000001b31cb71940] frame=  42 QP=19.51 NAL=2 Slice:P Poc:84  I:2    P:80   SKIP:8078 size=572 bytes
[libx264 @ 000001b31cb71940] frame=  43 QP=19.34 NAL=2 Slice:P Poc:86  I:0    P:72   SKIP:8088 size=472 bytes
[libx264 @ 000001b31cb71940] frame=  44 QP=19.42 NAL=2 Slice:P Poc:88  I:0    P:67   SKIP:8093 size=424 bytes
[libx264 @ 000001b31cb71940] frame=  45 QP=19.19 NAL=2 Slice:P Poc:90  I:0    P:59   SKIP:8101 size=344 bytes
[libx264 @ 000001b31cb71940] frame=  46 QP=19.58 NAL=2 Slice:P Poc:92  I:3    P:55   SKIP:8102 size=515 bytes
[libx264 @ 000001b31cb71940] frame=  47 QP=20.10 NAL=2 Slice:P Poc:94  I:2    P:32   SKIP:8126 size=463 bytes
[libx264 @ 000001b31cb71940] frame=  48 QP=19.94 NAL=2 Slice:P Poc:96  I:2    P:37   SKIP:8121 size=501 bytes
[libx264 @ 000001b31cb71940] frame=  49 QP=20.07 NAL=2 Slice:P Poc:98  I:0    P:35   SKIP:8125 size=395 bytes
[libx264 @ 000001b31cb71940] frame=  50 QP=20.51 NAL=2 Slice:P Poc:100 I:0    P:22   SKIP:8138 size=298 bytes
[libx264 @ 000001b31cb71940] frame=  51 QP=21.11 NAL=2 Slice:P Poc:102 I:2    P:18   SKIP:8140 size=436 bytes
[libx264 @ 000001b31cb71940] frame=  52 QP=21.43 NAL=2 Slice:P Poc:104 I:2    P:18   SKIP:8140 size=364 bytes
[libx264 @ 000001b31cb71940] frame=  53 QP=20.98 NAL=2 Slice:P Poc:106 I:3    P:13   SKIP:8144 size=399 bytes
[libx264 @ 000001b31cb71940] frame=  54 QP=21.23 NAL=2 Slice:P Poc:108 I:2    P:13   SKIP:8145 size=323 bytes
[libx264 @ 000001b31cb71940] frame=  55 QP=22.69 NAL=2 Slice:P Poc:110 I:3    P:11   SKIP:8146 size=340 bytes
[libx264 @ 000001b31cb71940] frame=  56 QP=22.75 NAL=2 Slice:P Poc:112 I:2    P:7    SKIP:8151 size=290 bytes
[libx264 @ 000001b31cb71940] frame=  57 QP=26.60 NAL=2 Slice:P Poc:114 I:3    P:3    SKIP:8154 size=289 bytes
[libx264 @ 000001b31cb71940] frame=  58 QP=24.27 NAL=2 Slice:P Poc:116 I:2    P:4    SKIP:8154 size=180 bytes
[libx264 @ 000001b31cb71940] frame=  59 QP=27.81 NAL=2 Slice:P Poc:118 I:0    P:5    SKIP:8155 size=115 bytes
[libx264 @ 000001b31cb71940] frame=  60 QP=27.92 NAL=2 Slice:P Poc:120 I:1    P:5    SKIP:8154 size=181 bytes
[libx264 @ 000001b31cb71940] frame=  61 QP=30.81 NAL=2 Slice:P Poc:122 I:2    P:4    SKIP:8154 size=176 bytes
[libx264 @ 000001b31cb71940] frame=  62 QP=30.00 NAL=2 Slice:P Poc:124 I:0    P:0    SKIP:8160 size=12 bytes
Not writing 'clli' atom. No content light level info.
Not writing 'mdcv' atom. Missing mastering metadata.
frame=   63 fps= 40 q=-1.0 Lsize=     729kB time=00:00:02.58 bitrate=2310.9kbits/s speed=1.65x    
[AVIOContext @ 000001b31cb6de00] Statistics: 0 seeks, 4 writeouts
video:728kB audio:0kB subtitle:0kB other streams:0kB global headers:0kB muxing overhead: 0.148696%
Input file #0 (D:/Peliprojektit/Projektit/Baltic_Loop/QGIS_kartta/TurkuAjo/frame%04d.png):
  Input stream #0:0 (video): 63 packets read (226626096 bytes); 63 frames decoded; 
  Total: 63 packets (226626096 bytes) demuxed
Output file #0 (D:/Peliprojektit/Projektit/Baltic_Loop/QGIS_kartta/TurkuAjo/TurkuAjo.mp4):
  Output stream #0:0 (video): 63 frames encoded; 63 packets muxed (745144 bytes); 
  Total: 63 packets (745144 bytes) muxed
63 frames successfully decoded, 0 decoding errors
[AVIOContext @ 000001b31cb72e80] Statistics: 2 seeks, 6 writeouts
[libx264 @ 000001b31cb71940] frame I:1     Avg QP:18.58  size:709704
[libx264 @ 000001b31cb71940] frame P:62    Avg QP:20.42  size:   561
[libx264 @ 000001b31cb71940] mb I  I16..4: 10.5%  0.0% 89.5%
[libx264 @ 000001b31cb71940] mb P  I16..4:  0.0%  0.0%  0.0%  P16..4:  1.1%  0.0%  0.0%  0.0%  0.0%    skip:98.8%
[libx264 @ 000001b31cb71940] coded y,uvDC,uvAC intra: 87.9% 94.2% 92.5% inter: 0.0% 1.1% 0.1%
[libx264 @ 000001b31cb71940] i16 v,h,dc,p: 52%  9% 31%  9%
[libx264 @ 000001b31cb71940] i4 v,h,dc,ddl,ddr,vr,hd,vl,hu: 18% 15% 14%  9%  9%  9%  8%  8% 10%
[libx264 @ 000001b31cb71940] i8c dc,h,v,p: 59% 16% 14% 10%
[libx264 @ 000001b31cb71940] ref P L0: 88.4%  7.1%  4.5%
[libx264 @ 000001b31cb71940] kb/s:2269.00
