ffmpeg version N-101030-g129bab5c7e-ge0fd35d867+2 Copyright (c) 2000-2021 the FFmpeg developers
  built with gcc 10.2.0 (Rev6, Built by MSYS2 project)
  configuration:  --pkg-config=pkgconf --cc='ccache gcc' --cxx='ccache g++' --disable-autodetect --enable-amf --enable-bzlib --enable-cuda --enable-cuvid --enable-d3d11va --enable-dxva2 --enable-iconv --enable-lzma --enable-nvenc --enable-zlib --enable-sdl2 --enable-ffnvcodec --enable-nvdec --enable-cuda-llvm --enable-libmp3lame --enable-libopus --enable-libvorbis --enable-libvpx --enable-libx264 --enable-libx265 --enable-libdav1d --enable-libaom --disable-debug --enable-fontconfig --enable-libass --enable-libbluray --enable-libfreetype --enable-libmfx --enable-libmysofa --enable-libopencore-amrnb --enable-libopencore-amrwb --enable-libopenjpeg --enable-libsnappy --enable-libsoxr --enable-libspeex --enable-libtheora --enable-libtwolame --enable-libvidstab --enable-libvo-amrwbenc --enable-libwebp --enable-libxml2 --enable-libzimg --enable-libshine --enable-gpl --enable-avisynth --enable-libxvid --enable-libopenmpt --enable-version3 --enable-libsrt --enable-libgsm --enable-libvmaf --enable-libsvtav1 --enable-librtmp --enable-mbedtls --extra-cflags=-DLIBTWOLAME_STATIC --extra-libs=-lstdc++ --extra-cflags=-DLIBXML_STATIC --extra-libs=-liconv --disable-w32threads
  libavutil      56. 64.100 / 56. 64.100
  libavcodec     58.122.100 / 58.122.100
  libavformat    58. 67.100 / 58. 67.100
  libavdevice    58. 11.103 / 58. 11.103
  libavfilter     7.103.100 /  7.103.100
  libswscale      5.  8.100 /  5.  8.100
  libswresample   3.  8.100 /  3.  8.100
  libpostproc    55.  8.100 / 55.  8.100
Splitting the commandline.
Reading option '-v' ... matched as option 'v' (set logging level) with argument 'debug'.
Reading option '-nostdin' ... matched as option 'stdin' (enable or disable interaction on standard input) with argument 0.
Reading option '-progress' ... matched as option 'progress' (write program-readable progress information) with argument 'C:/Users/Acer/AppData/Local/Temp/KritaFFmpegProgress.XOEHEq'.
Reading option '-r' ... matched as option 'r' (set frame rate (Hz value, fraction or abbreviation)) with argument '24'.
Reading option '-start_number' ... matched as AVOption 'start_number' with argument '0'.
Reading option '-i' ... matched as input url with argument 'D:/Peliprojektit/Projektit/Baltic_Loop/1x/frame%04d.png'.
Reading option '-crf' ... matched as AVOption 'crf' with argument '23'.
Reading option '-preset' ... matched as AVOption 'preset' with argument 'medium'.
Reading option '-profile:v' ... matched as option 'profile' (set profile) with argument 'baseline'.
Reading option '-pix_fmt' ... matched as option 'pix_fmt' (set pixel format) with argument 'yuv420p'.
Reading option '-y' ... matched as option 'y' (overwrite output files) with argument '1'.
Reading option 'D:/Peliprojektit/Projektit/Baltic_Loop/1x/turkuNaantali.mp4' ... matched as output url.
Finished splitting the commandline.
Parsing a group of options: global .
Applying option v (set logging level) with argument debug.
Applying option nostdin (enable or disable interaction on standard input) with argument 0.
Applying option progress (write program-readable progress information) with argument C:/Users/Acer/AppData/Local/Temp/KritaFFmpegProgress.XOEHEq.
[file @ 000001ea443edd00] Setting default whitelist 'file,crypto,data'
Applying option y (overwrite output files) with argument 1.
Successfully parsed a group of options.
Parsing a group of options: input url D:/Peliprojektit/Projektit/Baltic_Loop/1x/frame%04d.png.
Applying option r (set frame rate (Hz value, fraction or abbreviation)) with argument 24.
Successfully parsed a group of options.
Opening an input file: D:/Peliprojektit/Projektit/Baltic_Loop/1x/frame%04d.png.
[image2 @ 000001ea4442df80] Opening 'D:/Peliprojektit/Projektit/Baltic_Loop/1x/frame0000.png' for reading
[file @ 000001ea44432b00] Setting default whitelist 'file,crypto,data'
[AVIOContext @ 000001ea4443acc0] Statistics: 2673113 bytes read, 0 seeks
[image2 @ 000001ea4442df80] Opening 'D:/Peliprojektit/Projektit/Baltic_Loop/1x/frame0001.png' for reading
[file @ 000001ea44439140] Setting default whitelist 'file,crypto,data'
[AVIOContext @ 000001ea444392c0] Statistics: 2672611 bytes read, 0 seeks
[image2 @ 000001ea4442df80] Probe buffer size limit of 5000000 bytes reached
Input #0, image2, from 'D:/Peliprojektit/Projektit/Baltic_Loop/1x/frame%04d.png':
  Duration: 00:00:01.28, start: 0.000000, bitrate: N/A
  Stream #0:0, 2, 1/25: Video: png, 1 reference frame, rgba(pc), 1920x1080 [SAR 2834:2834 DAR 16:9], 0/1, 25 fps, 25 tbr, 25 tbn, 25 tbc
Successfully opened the file.
Parsing a group of options: output url D:/Peliprojektit/Projektit/Baltic_Loop/1x/turkuNaantali.mp4.
Applying option profile:v (set profile) with argument baseline.
Applying option pix_fmt (set pixel format) with argument yuv420p.
Successfully parsed a group of options.
Opening an output file: D:/Peliprojektit/Projektit/Baltic_Loop/1x/turkuNaantali.mp4.
[file @ 000001ea44432e40] Setting default whitelist 'file,crypto,data'
Successfully opened the file.
detected 8 logical cores
Stream mapping:
  Stream #0:0 -> #0:0 (png (native) -> h264 (libx264))
cur_dts is invalid st:0 (0) [init:0 i_done:0 finish:0] (this is harmless if it occurs once at the start per stream)
    Last message repeated 2 times
[image2 @ 000001ea4442df80] Opening 'D:/Peliprojektit/Projektit/Baltic_Loop/1x/frame0002.png' for reading
[file @ 000001ea444a0b40] Setting default whitelist 'file,crypto,data'
[AVIOContext @ 000001ea444a0c40] Statistics: 2671948 bytes read, 0 seeks
cur_dts is invalid st:0 (0) [init:0 i_done:0 finish:0] (this is harmless if it occurs once at the start per stream)
[image2 @ 000001ea4442df80] Opening 'D:/Peliprojektit/Projektit/Baltic_Loop/1x/frame0003.png' for reading
[file @ 000001ea444a0b40] Setting default whitelist 'file,crypto,data'
[AVIOContext @ 000001ea444a0c40] Statistics: 2671833 bytes read, 0 seeks
cur_dts is invalid st:0 (0) [init:0 i_done:0 finish:0] (this is harmless if it occurs once at the start per stream)
[image2 @ 000001ea4442df80] Opening 'D:/Peliprojektit/Projektit/Baltic_Loop/1x/frame0004.png' for reading
[file @ 000001ea444a0b40] Setting default whitelist 'file,crypto,data'
[AVIOContext @ 000001ea444a0c40] Statistics: 2671385 bytes read, 0 seeks
cur_dts is invalid st:0 (0) [init:0 i_done:0 finish:0] (this is harmless if it occurs once at the start per stream)
[image2 @ 000001ea4442df80] Opening 'D:/Peliprojektit/Projektit/Baltic_Loop/1x/frame0005.png' for reading
[file @ 000001ea444a0b40] Setting default whitelist 'file,crypto,data'
[AVIOContext @ 000001ea444a0c40] Statistics: 2671246 bytes read, 0 seeks
cur_dts is invalid st:0 (0) [init:0 i_done:0 finish:0] (this is harmless if it occurs once at the start per stream)
[image2 @ 000001ea4442df80] Opening 'D:/Peliprojektit/Projektit/Baltic_Loop/1x/frame0006.png' for reading
[file @ 000001ea444a0b40] Setting default whitelist 'file,crypto,data'
[AVIOContext @ 000001ea444a0c40] Statistics: 2670716 bytes read, 0 seeks
cur_dts is invalid st:0 (0) [init:0 i_done:0 finish:0] (this is harmless if it occurs once at the start per stream)
[image2 @ 000001ea4442df80] Opening 'D:/Peliprojektit/Projektit/Baltic_Loop/1x/frame0007.png' for reading
[file @ 000001ea444a0b40] Setting default whitelist 'file,crypto,data'
[AVIOContext @ 000001ea444a0c40] Statistics: 2670205 bytes read, 0 seeks
cur_dts is invalid st:0 (0) [init:0 i_done:0 finish:0] (this is harmless if it occurs once at the start per stream)
[image2 @ 000001ea4442df80] Opening 'D:/Peliprojektit/Projektit/Baltic_Loop/1x/frame0008.png' for reading
[file @ 000001ea444a0b40] Setting default whitelist 'file,crypto,data'
[AVIOContext @ 000001ea444a0c40] Statistics: 2669857 bytes read, 0 seeks
[graph 0 input from stream 0:0 @ 000001ea444aeec0] Setting 'video_size' to value '1920x1080'
[graph 0 input from stream 0:0 @ 000001ea444aeec0] Setting 'pix_fmt' to value '26'
[graph 0 input from stream 0:0 @ 000001ea444aeec0] Setting 'time_base' to value '1/24'
[graph 0 input from stream 0:0 @ 000001ea444aeec0] Setting 'pixel_aspect' to value '2834/2834'
[graph 0 input from stream 0:0 @ 000001ea444aeec0] Setting 'frame_rate' to value '24/1'
[graph 0 input from stream 0:0 @ 000001ea444aeec0] w:1920 h:1080 pixfmt:rgba tb:1/24 fr:24/1 sar:2834/2834
[format @ 000001ea45ff56c0] Setting 'pix_fmts' to value 'yuv420p'
[auto_scaler_0 @ 000001ea444abc40] Setting 'flags' to value 'bicubic'
[auto_scaler_0 @ 000001ea444abc40] w:iw h:ih flags:'bicubic' interl:0
[format @ 000001ea45ff56c0] auto-inserting filter 'auto_scaler_0' between the filter 'Parsed_null_0' and the filter 'format'
[AVFilterGraph @ 000001ea444982c0] query_formats: 4 queried, 2 merged, 1 already done, 0 delayed
[auto_scaler_0 @ 000001ea444abc40] w:1920 h:1080 fmt:rgba sar:2834/2834 -> w:1920 h:1080 fmt:yuv420p sar:1/1 flags:0x4
[libx264 @ 000001ea44431ac0] using mv_range_thread = 40
[libx264 @ 000001ea44431ac0] using SAR=1/1
[libx264 @ 000001ea44431ac0] using cpu capabilities: MMX2 SSE2Fast SSSE3 SSE4.2 AVX FMA3 BMI2 AVX2
[libx264 @ 000001ea44431ac0] profile Constrained Baseline, level 4.0, 4:2:0, 8-bit
[libx264 @ 000001ea44431ac0] 264 - core 161 r3044 a7e2c6a - H.264/MPEG-4 AVC codec - Copyleft 2003-2021 - http://www.videolan.org/x264.html - options: cabac=0 ref=3 deblock=1:0:0 analyse=0x1:0x111 me=hex subme=7 psy=1 psy_rd=1.00:0.00 mixed_ref=1 me_range=16 chroma_me=1 trellis=1 8x8dct=0 cqm=0 deadzone=21,11 fast_pskip=1 chroma_qp_offset=-2 threads=12 lookahead_threads=2 sliced_threads=0 nr=0 decimate=1 interlaced=0 bluray_compat=0 constrained_intra=0 bframes=0 weightp=0 keyint=250 keyint_min=24 scenecut=40 intra_refresh=0 rc_lookahead=40 rc=crf mbtree=1 crf=23.0 qcomp=0.60 qpmin=0 qpmax=69 qpstep=4 ip_ratio=1.40 aq=1:1.00
Output #0, mp4, to 'D:/Peliprojektit/Projektit/Baltic_Loop/1x/turkuNaantali.mp4':
  Metadata:
    encoder         : Lavf58.67.100
  Stream #0:0, 0, 1/12288: Video: h264, 1 reference frame (avc1 / 0x31637661), yuv420p(tv, progressive), 1920x1080 (0x0) [SAR 1:1 DAR 16:9], 0/1, q=2-31, 24 fps, 12288 tbn
    Metadata:
      encoder         : Lavc58.122.100 libx264
    Side data:
      cpb: bitrate max/min/avg: 0/0/0 buffer size: 0 vbv_delay: N/A
Clipping frame in rate conversion by 0.000008
frame=    1 fps=0.0 q=0.0 size=       0kB time=00:00:00.00 bitrate=N/A speed=   0x    cur_dts is invalid st:0 (0) [init:1 i_done:0 finish:0] (this is harmless if it occurs once at the start per stream)
[image2 @ 000001ea4442df80] Opening 'D:/Peliprojektit/Projektit/Baltic_Loop/1x/frame0009.png' for reading
[file @ 000001ea444a9c80] Setting default whitelist 'file,crypto,data'
[AVIOContext @ 000001ea4619ee80] Statistics: 2669738 bytes read, 0 seeks
cur_dts is invalid st:0 (0) [init:1 i_done:0 finish:0] (this is harmless if it occurs once at the start per stream)
[image2 @ 000001ea4442df80] Opening 'D:/Peliprojektit/Projektit/Baltic_Loop/1x/frame0010.png' for reading
[file @ 000001ea444aa040] Setting default whitelist 'file,crypto,data'
[AVIOContext @ 000001ea4619ee80] Statistics: 2669023 bytes read, 0 seeks
cur_dts is invalid st:0 (0) [init:1 i_done:0 finish:0] (this is harmless if it occurs once at the start per stream)
[image2 @ 000001ea4442df80] Opening 'D:/Peliprojektit/Projektit/Baltic_Loop/1x/frame0011.png' for reading
[file @ 000001ea444a96c0] Setting default whitelist 'file,crypto,data'
[AVIOContext @ 000001ea4619ee80] Statistics: 2668368 bytes read, 0 seeks
cur_dts is invalid st:0 (0) [init:1 i_done:0 finish:0] (this is harmless if it occurs once at the start per stream)
[image2 @ 000001ea4442df80] Opening 'D:/Peliprojektit/Projektit/Baltic_Loop/1x/frame0012.png' for reading
[file @ 000001ea444a98c0] Setting default whitelist 'file,crypto,data'
[AVIOContext @ 000001ea4619ee80] Statistics: 2668338 bytes read, 0 seeks
cur_dts is invalid st:0 (0) [init:1 i_done:0 finish:0] (this is harmless if it occurs once at the start per stream)
[image2 @ 000001ea4442df80] Opening 'D:/Peliprojektit/Projektit/Baltic_Loop/1x/frame0013.png' for reading
[file @ 000001ea444a9a80] Setting default whitelist 'file,crypto,data'
[AVIOContext @ 000001ea4619ee80] Statistics: 2668368 bytes read, 0 seeks
cur_dts is invalid st:0 (0) [init:1 i_done:0 finish:0] (this is harmless if it occurs once at the start per stream)
[image2 @ 000001ea4442df80] Opening 'D:/Peliprojektit/Projektit/Baltic_Loop/1x/frame0014.png' for reading
[file @ 000001ea444a9d80] Setting default whitelist 'file,crypto,data'
[AVIOContext @ 000001ea4619ee80] Statistics: 2668164 bytes read, 0 seeks
cur_dts is invalid st:0 (0) [init:1 i_done:0 finish:0] (this is harmless if it occurs once at the start per stream)
[image2 @ 000001ea4442df80] Opening 'D:/Peliprojektit/Projektit/Baltic_Loop/1x/frame0015.png' for reading
[file @ 000001ea444a9500] Setting default whitelist 'file,crypto,data'
[AVIOContext @ 000001ea4619ee80] Statistics: 2667719 bytes read, 0 seeks
cur_dts is invalid st:0 (0) [init:1 i_done:0 finish:0] (this is harmless if it occurs once at the start per stream)
[image2 @ 000001ea4442df80] Opening 'D:/Peliprojektit/Projektit/Baltic_Loop/1x/frame0016.png' for reading
[file @ 000001ea444a9d80] Setting default whitelist 'file,crypto,data'
[AVIOContext @ 000001ea4619ee80] Statistics: 2667166 bytes read, 0 seeks
cur_dts is invalid st:0 (0) [init:1 i_done:0 finish:0] (this is harmless if it occurs once at the start per stream)
[image2 @ 000001ea4442df80] Opening 'D:/Peliprojektit/Projektit/Baltic_Loop/1x/frame0017.png' for reading
[file @ 000001ea444a9400] Setting default whitelist 'file,crypto,data'
[AVIOContext @ 000001ea4619ee80] Statistics: 2665923 bytes read, 0 seeks
cur_dts is invalid st:0 (0) [init:1 i_done:0 finish:0] (this is harmless if it occurs once at the start per stream)
[image2 @ 000001ea4442df80] Opening 'D:/Peliprojektit/Projektit/Baltic_Loop/1x/frame0018.png' for reading
[file @ 000001ea444a9300] Setting default whitelist 'file,crypto,data'
[AVIOContext @ 000001ea4619ee80] Statistics: 2665112 bytes read, 0 seeks
cur_dts is invalid st:0 (0) [init:1 i_done:0 finish:0] (this is harmless if it occurs once at the start per stream)
[image2 @ 000001ea4442df80] Opening 'D:/Peliprojektit/Projektit/Baltic_Loop/1x/frame0019.png' for reading
[file @ 000001ea444a96c0] Setting default whitelist 'file,crypto,data'
[AVIOContext @ 000001ea4af39300] Statistics: 2664472 bytes read, 0 seeks
cur_dts is invalid st:0 (0) [init:1 i_done:0 finish:0] (this is harmless if it occurs once at the start per stream)
[image2 @ 000001ea4442df80] Opening 'D:/Peliprojektit/Projektit/Baltic_Loop/1x/frame0020.png' for reading
[file @ 000001ea444a96c0] Setting default whitelist 'file,crypto,data'
[AVIOContext @ 000001ea4af39580] Statistics: 2664190 bytes read, 0 seeks
cur_dts is invalid st:0 (0) [init:1 i_done:0 finish:0] (this is harmless if it occurs once at the start per stream)
[image2 @ 000001ea4442df80] Opening 'D:/Peliprojektit/Projektit/Baltic_Loop/1x/frame0021.png' for reading
[file @ 000001ea444a9e40] Setting default whitelist 'file,crypto,data'
[AVIOContext @ 000001ea4af38c40] Statistics: 2663546 bytes read, 0 seeks
cur_dts is invalid st:0 (0) [init:1 i_done:0 finish:0] (this is harmless if it occurs once at the start per stream)
[image2 @ 000001ea4442df80] Opening 'D:/Peliprojektit/Projektit/Baltic_Loop/1x/frame0022.png' for reading
[file @ 000001ea444a9300] Setting default whitelist 'file,crypto,data'
[AVIOContext @ 000001ea4af39040] Statistics: 2662974 bytes read, 0 seeks
cur_dts is invalid st:0 (0) [init:1 i_done:0 finish:0] (this is harmless if it occurs once at the start per stream)
[image2 @ 000001ea4442df80] Opening 'D:/Peliprojektit/Projektit/Baltic_Loop/1x/frame0023.png' for reading
[file @ 000001ea444a98c0] Setting default whitelist 'file,crypto,data'
[AVIOContext @ 000001ea4af38f00] Statistics: 2661804 bytes read, 0 seeks
cur_dts is invalid st:0 (0) [init:1 i_done:0 finish:0] (this is harmless if it occurs once at the start per stream)
[image2 @ 000001ea4442df80] Opening 'D:/Peliprojektit/Projektit/Baltic_Loop/1x/frame0024.png' for reading
[file @ 000001ea444a9f40] Setting default whitelist 'file,crypto,data'
[AVIOContext @ 000001ea4af39580] Statistics: 2660781 bytes read, 0 seeks
cur_dts is invalid st:0 (0) [init:1 i_done:0 finish:0] (this is harmless if it occurs once at the start per stream)
[image2 @ 000001ea4442df80] Opening 'D:/Peliprojektit/Projektit/Baltic_Loop/1x/frame0025.png' for reading
[file @ 000001ea444a96c0] Setting default whitelist 'file,crypto,data'
[AVIOContext @ 000001ea4af38f00] Statistics: 2659920 bytes read, 0 seeks
cur_dts is invalid st:0 (0) [init:1 i_done:0 finish:0] (this is harmless if it occurs once at the start per stream)
[image2 @ 000001ea4442df80] Opening 'D:/Peliprojektit/Projektit/Baltic_Loop/1x/frame0026.png' for reading
[file @ 000001ea444a9a80] Setting default whitelist 'file,crypto,data'
[AVIOContext @ 000001ea4af38b00] Statistics: 2658707 bytes read, 0 seeks
cur_dts is invalid st:0 (0) [init:1 i_done:0 finish:0] (this is harmless if it occurs once at the start per stream)
[image2 @ 000001ea4442df80] Opening 'D:/Peliprojektit/Projektit/Baltic_Loop/1x/frame0027.png' for reading
[file @ 000001ea444a9500] Setting default whitelist 'file,crypto,data'
[AVIOContext @ 000001ea4af39300] Statistics: 2657916 bytes read, 0 seeks
cur_dts is invalid st:0 (0) [init:1 i_done:0 finish:0] (this is harmless if it occurs once at the start per stream)
[image2 @ 000001ea4442df80] Opening 'D:/Peliprojektit/Projektit/Baltic_Loop/1x/frame0028.png' for reading
[file @ 000001ea444a98c0] Setting default whitelist 'file,crypto,data'
[AVIOContext @ 000001ea4af38f00] Statistics: 2657237 bytes read, 0 seeks
cur_dts is invalid st:0 (0) [init:1 i_done:0 finish:0] (this is harmless if it occurs once at the start per stream)
[image2 @ 000001ea4442df80] Opening 'D:/Peliprojektit/Projektit/Baltic_Loop/1x/frame0029.png' for reading
[file @ 000001ea444a99c0] Setting default whitelist 'file,crypto,data'
[AVIOContext @ 000001ea4af39040] Statistics: 2656769 bytes read, 0 seeks
cur_dts is invalid st:0 (0) [init:1 i_done:0 finish:0] (this is harmless if it occurs once at the start per stream)
[image2 @ 000001ea4442df80] Opening 'D:/Peliprojektit/Projektit/Baltic_Loop/1x/frame0030.png' for reading
[file @ 000001ea444aa040] Setting default whitelist 'file,crypto,data'
[AVIOContext @ 000001ea4af38f00] Statistics: 2656499 bytes read, 0 seeks
cur_dts is invalid st:0 (0) [init:1 i_done:0 finish:0] (this is harmless if it occurs once at the start per stream)
[image2 @ 000001ea4442df80] Opening 'D:/Peliprojektit/Projektit/Baltic_Loop/1x/frame0031.png' for reading
[file @ 000001ea444a9e40] Setting default whitelist 'file,crypto,data'
[AVIOContext @ 000001ea4af38f00] Statistics: 2656321 bytes read, 0 seeks
cur_dts is invalid st:0 (0) [init:1 i_done:0 finish:0] (this is harmless if it occurs once at the start per stream)
    Last message repeated 8 times
frame=   32 fps=0.0 q=0.0 size=       0kB time=00:00:00.00 bitrate=N/A speed=   0x    cur_dts is invalid st:0 (0) [init:1 i_done:0 finish:0] (this is harmless if it occurs once at the start per stream)
[out_0_0 @ 000001ea4448e0c0] EOF on sink link out_0_0:default.
No more output streams to write to, finishing.
[libx264 @ 000001ea44431ac0] frame=   0 QP=18.59 NAL=3 Slice:I Poc:0   I:8160 P:0    SKIP:0    size=538905 bytes
[libx264 @ 000001ea44431ac0] frame=   1 QP=19.91 NAL=2 Slice:P Poc:2   I:5    P:300  SKIP:7855 size=1790 bytes
[libx264 @ 000001ea44431ac0] frame=   2 QP=19.49 NAL=2 Slice:P Poc:4   I:1    P:160  SKIP:7999 size=1026 bytes
[libx264 @ 000001ea44431ac0] frame=   3 QP=18.99 NAL=2 Slice:P Poc:6   I:1    P:82   SKIP:8077 size=674 bytes
[libx264 @ 000001ea44431ac0] frame=   4 QP=18.97 NAL=2 Slice:P Poc:8   I:1    P:116  SKIP:8043 size=830 bytes
[libx264 @ 000001ea44431ac0] frame=   5 QP=18.89 NAL=2 Slice:P Poc:10  I:1    P:80   SKIP:8079 size=650 bytes
[libx264 @ 000001ea44431ac0] frame=   6 QP=18.87 NAL=2 Slice:P Poc:12  I:2    P:83   SKIP:8075 size=864 bytes
[libx264 @ 000001ea44431ac0] frame=   7 QP=18.98 NAL=2 Slice:P Poc:14  I:2    P:65   SKIP:8093 size=695 bytes
[libx264 @ 000001ea44431ac0] frame=   8 QP=19.06 NAL=2 Slice:P Poc:16  I:1    P:58   SKIP:8101 size=707 bytes
[libx264 @ 000001ea44431ac0] frame=   9 QP=19.64 NAL=2 Slice:P Poc:18  I:0    P:40   SKIP:8120 size=494 bytes
[libx264 @ 000001ea44431ac0] frame=  10 QP=19.42 NAL=2 Slice:P Poc:20  I:2    P:42   SKIP:8116 size=646 bytes
[libx264 @ 000001ea44431ac0] frame=  11 QP=19.36 NAL=2 Slice:P Poc:22  I:0    P:38   SKIP:8122 size=759 bytes
[libx264 @ 000001ea44431ac0] frame=  12 QP=19.68 NAL=2 Slice:P Poc:24  I:1    P:28   SKIP:8131 size=554 bytes
[libx264 @ 000001ea44431ac0] frame=  13 QP=19.94 NAL=2 Slice:P Poc:26  I:4    P:22   SKIP:8134 size=422 bytes
[libx264 @ 000001ea44431ac0] frame=  14 QP=20.42 NAL=2 Slice:P Poc:28  I:3    P:24   SKIP:8133 size=549 bytes
[libx264 @ 000001ea44431ac0] frame=  15 QP=19.29 NAL=2 Slice:P Poc:30  I:1    P:25   SKIP:8134 size=602 bytes
[libx264 @ 000001ea44431ac0] frame=  16 QP=17.80 NAL=2 Slice:P Poc:32  I:3    P:19   SKIP:8138 size=657 bytes
[libx264 @ 000001ea44431ac0] frame=  17 QP=18.76 NAL=2 Slice:P Poc:34  I:4    P:15   SKIP:8141 size=596 bytes
[libx264 @ 000001ea44431ac0] frame=  18 QP=19.12 NAL=2 Slice:P Poc:36  I:2    P:15   SKIP:8143 size=540 bytes
[libx264 @ 000001ea44431ac0] frame=  19 QP=21.99 NAL=2 Slice:P Poc:38  I:4    P:12   SKIP:8144 size=645 bytes
[libx264 @ 000001ea44431ac0] frame=  20 QP=21.57 NAL=2 Slice:P Poc:40  I:3    P:10   SKIP:8147 size=583 bytes
[libx264 @ 000001ea44431ac0] frame=  21 QP=19.26 NAL=2 Slice:P Poc:42  I:1    P:10   SKIP:8149 size=431 bytes
[libx264 @ 000001ea44431ac0] frame=  22 QP=20.13 NAL=2 Slice:P Poc:44  I:3    P:11   SKIP:8146 size=581 bytes
[libx264 @ 000001ea44431ac0] frame=  23 QP=19.33 NAL=2 Slice:P Poc:46  I:4    P:11   SKIP:8145 size=699 bytes
[libx264 @ 000001ea44431ac0] frame=  24 QP=17.86 NAL=2 Slice:P Poc:48  I:2    P:14   SKIP:8144 size=652 bytes
[libx264 @ 000001ea44431ac0] frame=  25 QP=20.11 NAL=2 Slice:P Poc:50  I:2    P:13   SKIP:8145 size=549 bytes
[libx264 @ 000001ea44431ac0] frame=  26 QP=22.81 NAL=2 Slice:P Poc:52  I:1    P:11   SKIP:8148 size=517 bytes
[libx264 @ 000001ea44431ac0] frame=  27 QP=23.08 NAL=2 Slice:P Poc:54  I:3    P:11   SKIP:8146 size=546 bytes
[libx264 @ 000001ea44431ac0] frame=  28 QP=23.03 NAL=2 Slice:P Poc:56  I:2    P:12   SKIP:8146 size=533 bytes
[libx264 @ 000001ea44431ac0] frame=  29 QP=24.62 NAL=2 Slice:P Poc:58  I:4    P:9    SKIP:8147 size=599 bytes
[libx264 @ 000001ea44431ac0] frame=  30 QP=25.21 NAL=2 Slice:P Poc:60  I:2    P:8    SKIP:8150 size=297 bytes
[libx264 @ 000001ea44431ac0] frame=  31 QP=26.43 NAL=2 Slice:P Poc:62  I:2    P:8    SKIP:8150 size=275 bytes
Not writing 'clli' atom. No content light level info.
Not writing 'mdcv' atom. Missing mastering metadata.
frame=   32 fps=0.0 q=-1.0 Lsize=     547kB time=00:00:01.29 bitrate=3471.1kbits/s speed=1.43x    
[AVIOContext @ 000001ea4442de40] Statistics: 0 seeks, 3 writeouts
video:546kB audio:0kB subtitle:0kB other streams:0kB global headers:0kB muxing overhead: 0.175873%
Input file #0 (D:/Peliprojektit/Projektit/Baltic_Loop/1x/frame%04d.png):
  Input stream #0:0 (video): 32 packets read (85301969 bytes); 32 frames decoded; 
  Total: 32 packets (85301969 bytes) demuxed
Output file #0 (D:/Peliprojektit/Projektit/Baltic_Loop/1x/turkuNaantali.mp4):
  Output stream #0:0 (video): 32 frames encoded; 32 packets muxed (559496 bytes); 
  Total: 32 packets (559496 bytes) muxed
32 frames successfully decoded, 0 decoding errors
[AVIOContext @ 000001ea44432fc0] Statistics: 2 seeks, 6 writeouts
[libx264 @ 000001ea44431ac0] frame I:1     Avg QP:18.59  size:538905
[libx264 @ 000001ea44431ac0] frame P:31    Avg QP:20.39  size:   644
[libx264 @ 000001ea44431ac0] mb I  I16..4: 19.4%  0.0% 80.6%
[libx264 @ 000001ea44431ac0] mb P  I16..4:  0.0%  0.0%  0.0%  P16..4:  0.4%  0.0%  0.1%  0.0%  0.0%    skip:99.4%
[libx264 @ 000001ea44431ac0] coded y,uvDC,uvAC intra: 72.7% 83.2% 81.6% inter: 0.1% 0.4% 0.1%
[libx264 @ 000001ea44431ac0] i16 v,h,dc,p: 63% 17% 18%  3%
[libx264 @ 000001ea44431ac0] i4 v,h,dc,ddl,ddr,vr,hd,vl,hu: 23% 18% 15%  7%  8%  8%  7%  6%  8%
[libx264 @ 000001ea44431ac0] i8c dc,h,v,p: 57% 20% 14%  8%
[libx264 @ 000001ea44431ac0] ref P L0: 84.7%  9.4%  5.8%
[libx264 @ 000001ea44431ac0] kb/s:3353.20
